[Wed Jun  3 09:01:37 PM +03 2026] Job started on palamut1
[Wed Jun  3 09:01:38 PM +03 2026] >>> Running: python scripts/07_kd_smoke.py
2026-06-03 21:02:33 [INFO] kd-smoke: disabled fused Mamba kernels for 24 module(s) in KD student
2026-06-03 21:02:35 [INFO] kd-trainer: scheduler: 245 optimizer steps (grad_accum=8, tokens/update=8192, warmup=60)
2026-06-03 21:03:55 [INFO] kd-trainer: step=10 tokens=10240 loss=12.308527 lr=1.667e-06
2026-06-03 21:04:42 [INFO] kd-trainer: step=20 tokens=20480 loss=12.282768 lr=2.500e-06
2026-06-03 21:05:28 [INFO] kd-trainer: step=30 tokens=30720 loss=11.135910 lr=3.333e-06
2026-06-03 21:06:15 [INFO] kd-trainer: step=40 tokens=40960 loss=9.729578 lr=5.000e-06
2026-06-03 21:07:02 [INFO] kd-trainer: step=50 tokens=51200 loss=8.694347 lr=5.833e-06
2026-06-03 21:07:49 [INFO] kd-trainer: step=60 tokens=61440 loss=7.290547 lr=6.667e-06
2026-06-03 21:08:36 [INFO] kd-trainer: step=70 tokens=71680 loss=8.771273 lr=7.500e-06
2026-06-03 21:09:23 [INFO] kd-trainer: step=80 tokens=81920 loss=8.349113 lr=9.167e-06
2026-06-03 21:10:10 [INFO] kd-trainer: step=90 tokens=92160 loss=7.943422 lr=1.000e-05
2026-06-03 21:10:57 [INFO] kd-trainer: step=100 tokens=102400 loss=9.387796 lr=1.083e-05
2026-06-03 21:11:44 [INFO] kd-trainer: step=110 tokens=112640 loss=8.810152 lr=1.167e-05
2026-06-03 21:12:32 [INFO] kd-trainer: step=120 tokens=122880 loss=8.003081 lr=1.333e-05
2026-06-03 21:13:19 [INFO] kd-trainer: step=130 tokens=133120 loss=7.631310 lr=1.417e-05
2026-06-03 21:14:06 [INFO] kd-trainer: step=140 tokens=143360 loss=7.393394 lr=1.500e-05
2026-06-03 21:14:53 [INFO] kd-trainer: step=150 tokens=153600 loss=6.910358 lr=1.583e-05
2026-06-03 21:15:40 [INFO] kd-trainer: step=160 tokens=163840 loss=6.929252 lr=1.750e-05
2026-06-03 21:16:27 [INFO] kd-trainer: step=170 tokens=174080 loss=6.162657 lr=1.833e-05
2026-06-03 21:17:15 [INFO] kd-trainer: step=180 tokens=184320 loss=6.494720 lr=1.917e-05
2026-06-03 21:18:02 [INFO] kd-trainer: step=190 tokens=194560 loss=6.909525 lr=2.000e-05
2026-06-03 21:18:50 [INFO] kd-trainer: step=200 tokens=204800 loss=6.548922 lr=2.167e-05
2026-06-03 21:19:37 [INFO] kd-trainer: step=210 tokens=215040 loss=5.973000 lr=2.250e-05
2026-06-03 21:20:24 [INFO] kd-trainer: step=220 tokens=225280 loss=5.693834 lr=2.333e-05
2026-06-03 21:21:11 [INFO] kd-trainer: step=230 tokens=235520 loss=5.096200 lr=2.417e-05
2026-06-03 21:21:58 [INFO] kd-trainer: step=240 tokens=245760 loss=5.489384 lr=2.583e-05
2026-06-03 21:22:46 [INFO] kd-trainer: step=250 tokens=256000 loss=5.360860 lr=2.667e-05
2026-06-03 21:23:33 [INFO] kd-trainer: step=260 tokens=266240 loss=5.059376 lr=2.750e-05
2026-06-03 21:24:20 [INFO] kd-trainer: step=270 tokens=276480 loss=5.245204 lr=2.833e-05
2026-06-03 21:25:07 [INFO] kd-trainer: step=280 tokens=286720 loss=4.242074 lr=3.000e-05
2026-06-03 21:25:54 [INFO] kd-trainer: step=290 tokens=296960 loss=4.150187 lr=3.083e-05
2026-06-03 21:26:42 [INFO] kd-trainer: step=300 tokens=307200 loss=4.447694 lr=3.167e-05
2026-06-03 21:27:29 [INFO] kd-trainer: step=310 tokens=317440 loss=4.562759 lr=3.250e-05
2026-06-03 21:28:16 [INFO] kd-trainer: step=320 tokens=327680 loss=4.429733 lr=3.417e-05
2026-06-03 21:29:03 [INFO] kd-trainer: step=330 tokens=337920 loss=3.377014 lr=3.500e-05
2026-06-03 21:29:51 [INFO] kd-trainer: step=340 tokens=348160 loss=4.497526 lr=3.583e-05
2026-06-03 21:30:38 [INFO] kd-trainer: step=350 tokens=358400 loss=4.444150 lr=3.667e-05
2026-06-03 21:31:26 [INFO] kd-trainer: step=360 tokens=368640 loss=4.726435 lr=3.833e-05
2026-06-03 21:32:13 [INFO] kd-trainer: step=370 tokens=378880 loss=3.414522 lr=3.917e-05
2026-06-03 21:33:00 [INFO] kd-trainer: step=380 tokens=389120 loss=4.171746 lr=4.000e-05
2026-06-03 21:33:47 [INFO] kd-trainer: step=390 tokens=399360 loss=3.900002 lr=4.083e-05
2026-06-03 21:34:34 [INFO] kd-trainer: step=400 tokens=409600 loss=3.135512 lr=4.250e-05
2026-06-03 21:35:21 [INFO] kd-trainer: step=410 tokens=419840 loss=2.927036 lr=4.333e-05
2026-06-03 21:36:08 [INFO] kd-trainer: step=420 tokens=430080 loss=3.887279 lr=4.417e-05
2026-06-03 21:36:55 [INFO] kd-trainer: step=430 tokens=440320 loss=4.907469 lr=4.500e-05
2026-06-03 21:37:42 [INFO] kd-trainer: step=440 tokens=450560 loss=3.195689 lr=4.667e-05
2026-06-03 21:38:30 [INFO] kd-trainer: step=450 tokens=460800 loss=3.023665 lr=4.750e-05
2026-06-03 21:39:17 [INFO] kd-trainer: step=460 tokens=471040 loss=3.427668 lr=4.833e-05
2026-06-03 21:40:04 [INFO] kd-trainer: step=470 tokens=481280 loss=3.681202 lr=4.917e-05
2026-06-03 21:40:51 [INFO] kd-trainer: step=480 tokens=491520 loss=4.252235 lr=5.000e-05
2026-06-03 21:41:38 [INFO] kd-trainer: step=490 tokens=501760 loss=2.478849 lr=5.000e-05
2026-06-03 21:42:25 [INFO] kd-trainer: step=500 tokens=512000 loss=2.872345 lr=4.999e-05
2026-06-03 21:43:13 [INFO] kd-trainer: step=510 tokens=522240 loss=2.221590 lr=4.997e-05
2026-06-03 21:44:00 [INFO] kd-trainer: step=520 tokens=532480 loss=2.321100 lr=4.992e-05
2026-06-03 21:44:47 [INFO] kd-trainer: step=530 tokens=542720 loss=3.228598 lr=4.988e-05
2026-06-03 21:45:34 [INFO] kd-trainer: step=540 tokens=552960 loss=2.012014 lr=4.984e-05
2026-06-03 21:46:21 [INFO] kd-trainer: step=550 tokens=563200 loss=1.925028 lr=4.979e-05
2026-06-03 21:47:08 [INFO] kd-trainer: step=560 tokens=573440 loss=3.567806 lr=4.968e-05
2026-06-03 21:47:56 [INFO] kd-trainer: step=570 tokens=583680 loss=2.605668 lr=4.961e-05
2026-06-03 21:48:43 [INFO] kd-trainer: step=580 tokens=593920 loss=4.100274 lr=4.953e-05
2026-06-03 21:49:30 [INFO] kd-trainer: step=590 tokens=604160 loss=2.544789 lr=4.945e-05
2026-06-03 21:50:17 [INFO] kd-trainer: step=600 tokens=614400 loss=9.737451 lr=4.927e-05
2026-06-03 21:51:05 [INFO] kd-trainer: step=610 tokens=624640 loss=7.590692 lr=4.917e-05
2026-06-03 21:51:52 [INFO] kd-trainer: step=620 tokens=634880 loss=6.310547 lr=4.907e-05
2026-06-03 21:52:39 [INFO] kd-trainer: step=630 tokens=645120 loss=5.619059 lr=4.896e-05
2026-06-03 21:53:26 [INFO] kd-trainer: step=640 tokens=655360 loss=7.492152 lr=4.871e-05
2026-06-03 21:54:13 [INFO] kd-trainer: step=650 tokens=665600 loss=5.694483 lr=4.858e-05
2026-06-03 21:55:01 [INFO] kd-trainer: step=660 tokens=675840 loss=8.386419 lr=4.845e-05
2026-06-03 21:55:48 [INFO] kd-trainer: step=670 tokens=686080 loss=5.788306 lr=4.831e-05
2026-06-03 21:56:35 [INFO] kd-trainer: step=680 tokens=696320 loss=7.242849 lr=4.800e-05
2026-06-03 21:57:22 [INFO] kd-trainer: step=690 tokens=706560 loss=5.951065 lr=4.784e-05
2026-06-03 21:58:10 [INFO] kd-trainer: step=700 tokens=716800 loss=6.707609 lr=4.768e-05
2026-06-03 21:58:57 [INFO] kd-trainer: step=710 tokens=727040 loss=6.038494 lr=4.750e-05
2026-06-03 21:59:44 [INFO] kd-trainer: step=720 tokens=737280 loss=5.425400 lr=4.714e-05
2026-06-03 22:00:31 [INFO] kd-trainer: step=730 tokens=747520 loss=7.042755 lr=4.695e-05
2026-06-03 22:01:19 [INFO] kd-trainer: step=740 tokens=757760 loss=5.635043 lr=4.676e-05
2026-06-03 22:02:06 [INFO] kd-trainer: step=750 tokens=768000 loss=5.291846 lr=4.656e-05
2026-06-03 22:02:53 [INFO] kd-trainer: step=760 tokens=778240 loss=6.717656 lr=4.614e-05
2026-06-03 22:03:40 [INFO] kd-trainer: step=770 tokens=788480 loss=6.189346 lr=4.592e-05
2026-06-03 22:04:28 [INFO] kd-trainer: step=780 tokens=798720 loss=7.391816 lr=4.570e-05
2026-06-03 22:05:15 [INFO] kd-trainer: step=790 tokens=808960 loss=7.462404 lr=4.548e-05
2026-06-03 22:06:02 [INFO] kd-trainer: step=800 tokens=819200 loss=6.792878 lr=4.501e-05
2026-06-03 22:06:49 [INFO] kd-trainer: step=810 tokens=829440 loss=5.305160 lr=4.476e-05
2026-06-03 22:07:36 [INFO] kd-trainer: step=820 tokens=839680 loss=6.811867 lr=4.452e-05
2026-06-03 22:08:24 [INFO] kd-trainer: step=830 tokens=849920 loss=5.858254 lr=4.426e-05
2026-06-03 22:09:11 [INFO] kd-trainer: step=840 tokens=860160 loss=6.223264 lr=4.374e-05
2026-06-03 22:09:58 [INFO] kd-trainer: step=850 tokens=870400 loss=5.711394 lr=4.348e-05
2026-06-03 22:10:45 [INFO] kd-trainer: step=860 tokens=880640 loss=5.569154 lr=4.321e-05
2026-06-03 22:11:33 [INFO] kd-trainer: step=870 tokens=890880 loss=5.707649 lr=4.293e-05
2026-06-03 22:12:20 [INFO] kd-trainer: step=880 tokens=901120 loss=7.074454 lr=4.237e-05
2026-06-03 22:13:07 [INFO] kd-trainer: step=890 tokens=911360 loss=5.820159 lr=4.208e-05
2026-06-03 22:13:54 [INFO] kd-trainer: step=900 tokens=921600 loss=5.508840 lr=4.178e-05
2026-06-03 22:14:41 [INFO] kd-trainer: step=910 tokens=931840 loss=5.382900 lr=4.149e-05
2026-06-03 22:15:29 [INFO] kd-trainer: step=920 tokens=942080 loss=4.763218 lr=4.088e-05
2026-06-03 22:16:16 [INFO] kd-trainer: step=930 tokens=952320 loss=4.783936 lr=4.057e-05
2026-06-03 22:17:03 [INFO] kd-trainer: step=940 tokens=962560 loss=6.244795 lr=4.026e-05
2026-06-03 22:17:50 [INFO] kd-trainer: step=950 tokens=972800 loss=5.592284 lr=3.994e-05
2026-06-03 22:18:38 [INFO] kd-trainer: step=960 tokens=983040 loss=5.293977 lr=3.930e-05
2026-06-03 22:19:25 [INFO] kd-trainer: step=970 tokens=993280 loss=5.070123 lr=3.897e-05
2026-06-03 22:20:12 [INFO] kd-trainer: step=980 tokens=1003520 loss=5.451382 lr=3.864e-05
2026-06-03 22:20:59 [INFO] kd-trainer: step=990 tokens=1013760 loss=5.403891 lr=3.831e-05
2026-06-03 22:21:47 [INFO] kd-trainer: step=1000 tokens=1024000 loss=4.365846 lr=3.763e-05
2026-06-03 22:22:34 [INFO] kd-trainer: step=1010 tokens=1034240 loss=4.752914 lr=3.729e-05
2026-06-03 22:23:21 [INFO] kd-trainer: step=1020 tokens=1044480 loss=4.785889 lr=3.694e-05
2026-06-03 22:24:08 [INFO] kd-trainer: step=1030 tokens=1054720 loss=5.233637 lr=3.659e-05
2026-06-03 22:24:55 [INFO] kd-trainer: step=1040 tokens=1064960 loss=4.491211 lr=3.589e-05
2026-06-03 22:25:43 [INFO] kd-trainer: step=1050 tokens=1075200 loss=4.318351 lr=3.553e-05
2026-06-03 22:26:30 [INFO] kd-trainer: step=1060 tokens=1085440 loss=4.491560 lr=3.518e-05
2026-06-03 22:27:17 [INFO] kd-trainer: step=1070 tokens=1095680 loss=3.761242 lr=3.482e-05
2026-06-03 22:28:04 [INFO] kd-trainer: step=1080 tokens=1105920 loss=3.178860 lr=3.409e-05
2026-06-03 22:28:52 [INFO] kd-trainer: step=1090 tokens=1116160 loss=3.736236 lr=3.372e-05
2026-06-03 22:29:39 [INFO] kd-trainer: step=1100 tokens=1126400 loss=3.998628 lr=3.335e-05
2026-06-03 22:30:26 [INFO] kd-trainer: step=1110 tokens=1136640 loss=3.898135 lr=3.298e-05
2026-06-03 22:31:13 [INFO] kd-trainer: step=1120 tokens=1146880 loss=3.855856 lr=3.224e-05
2026-06-03 22:32:01 [INFO] kd-trainer: step=1130 tokens=1157120 loss=4.278042 lr=3.187e-05
2026-06-03 22:32:48 [INFO] kd-trainer: step=1140 tokens=1167360 loss=3.540620 lr=3.149e-05
2026-06-03 22:33:35 [INFO] kd-trainer: step=1150 tokens=1177600 loss=3.021913 lr=3.111e-05
2026-06-03 22:34:22 [INFO] kd-trainer: step=1160 tokens=1187840 loss=3.226573 lr=3.036e-05
2026-06-03 22:35:09 [INFO] kd-trainer: step=1170 tokens=1198080 loss=2.998687 lr=2.998e-05
2026-06-03 22:35:57 [INFO] kd-trainer: step=1180 tokens=1208320 loss=3.717887 lr=2.960e-05
2026-06-03 22:36:44 [INFO] kd-trainer: step=1190 tokens=1218560 loss=3.280458 lr=2.922e-05
2026-06-03 22:37:31 [INFO] kd-trainer: step=1200 tokens=1228800 loss=2.408359 lr=2.845e-05
2026-06-03 22:38:18 [INFO] kd-trainer: step=1210 tokens=1239040 loss=3.068527 lr=2.807e-05
2026-06-03 22:39:06 [INFO] kd-trainer: step=1220 tokens=1249280 loss=2.985529 lr=2.769e-05
2026-06-03 22:39:53 [INFO] kd-trainer: step=1230 tokens=1259520 loss=1.360937 lr=2.731e-05
2026-06-03 22:40:40 [INFO] kd-trainer: step=1240 tokens=1269760 loss=3.016889 lr=2.655e-05
2026-06-03 22:41:27 [INFO] kd-trainer: step=1250 tokens=1280000 loss=3.094867 lr=2.616e-05
2026-06-03 22:42:14 [INFO] kd-trainer: step=1260 tokens=1290240 loss=1.918124 lr=2.578e-05
2026-06-03 22:43:02 [INFO] kd-trainer: step=1270 tokens=1300480 loss=3.644242 lr=2.540e-05
2026-06-03 22:43:49 [INFO] kd-trainer: step=1280 tokens=1310720 loss=2.325582 lr=2.464e-05
2026-06-03 22:44:36 [INFO] kd-trainer: step=1290 tokens=1320960 loss=1.251981 lr=2.426e-05
2026-06-03 22:45:23 [INFO] kd-trainer: step=1300 tokens=1331200 loss=2.952225 lr=2.389e-05
2026-06-03 22:46:11 [INFO] kd-trainer: step=1310 tokens=1341440 loss=1.822746 lr=2.351e-05
2026-06-03 22:46:58 [INFO] kd-trainer: step=1320 tokens=1351680 loss=2.055901 lr=2.276e-05
2026-06-03 22:47:45 [INFO] kd-trainer: step=1330 tokens=1361920 loss=2.498656 lr=2.239e-05
2026-06-03 22:48:32 [INFO] kd-trainer: step=1340 tokens=1372160 loss=2.724673 lr=2.202e-05
2026-06-03 22:49:20 [INFO] kd-trainer: step=1350 tokens=1382400 loss=2.720302 lr=2.165e-05
2026-06-03 22:50:07 [INFO] kd-trainer: step=1360 tokens=1392640 loss=2.344507 lr=2.091e-05
2026-06-03 22:50:54 [INFO] kd-trainer: step=1370 tokens=1402880 loss=1.344794 lr=2.055e-05
2026-06-03 22:51:41 [INFO] kd-trainer: step=1380 tokens=1413120 loss=1.439607 lr=2.018e-05
2026-06-03 22:52:28 [INFO] kd-trainer: step=1390 tokens=1423360 loss=3.199271 lr=1.982e-05
2026-06-03 22:53:16 [INFO] kd-trainer: step=1400 tokens=1433600 loss=3.022279 lr=1.911e-05
2026-06-03 22:54:03 [INFO] kd-trainer: step=1410 tokens=1443840 loss=2.915833 lr=1.876e-05
2026-06-03 22:54:50 [INFO] kd-trainer: step=1420 tokens=1454080 loss=2.841512 lr=1.841e-05
2026-06-03 22:55:37 [INFO] kd-trainer: step=1430 tokens=1464320 loss=2.136461 lr=1.806e-05
2026-06-03 22:56:25 [INFO] kd-trainer: step=1440 tokens=1474560 loss=2.964276 lr=1.737e-05
2026-06-03 22:57:12 [INFO] kd-trainer: step=1450 tokens=1484800 loss=2.896490 lr=1.703e-05
2026-06-03 22:57:59 [INFO] kd-trainer: step=1460 tokens=1495040 loss=2.659012 lr=1.669e-05
2026-06-03 22:58:46 [INFO] kd-trainer: step=1470 tokens=1505280 loss=2.066491 lr=1.636e-05
2026-06-03 22:59:34 [INFO] kd-trainer: step=1480 tokens=1515520 loss=1.763595 lr=1.570e-05
2026-06-03 23:00:21 [INFO] kd-trainer: step=1490 tokens=1525760 loss=3.404339 lr=1.538e-05
2026-06-03 23:01:08 [INFO] kd-trainer: step=1500 tokens=1536000 loss=3.259572 lr=1.506e-05
2026-06-03 23:01:56 [INFO] kd-trainer: step=1510 tokens=1546240 loss=0.801945 lr=1.474e-05
2026-06-03 23:02:43 [INFO] kd-trainer: step=1520 tokens=1556480 loss=0.703340 lr=1.412e-05
2026-06-03 23:03:31 [INFO] kd-trainer: step=1530 tokens=1566720 loss=0.554017 lr=1.382e-05
2026-06-03 23:04:18 [INFO] kd-trainer: step=1540 tokens=1576960 loss=0.555138 lr=1.351e-05
2026-06-03 23:05:05 [INFO] kd-trainer: step=1550 tokens=1587200 loss=0.473015 lr=1.322e-05
2026-06-03 23:05:52 [INFO] kd-trainer: step=1560 tokens=1597440 loss=0.495149 lr=1.263e-05
2026-06-03 23:06:39 [INFO] kd-trainer: step=1570 tokens=1607680 loss=0.423501 lr=1.235e-05
2026-06-03 23:07:26 [INFO] kd-trainer: step=1580 tokens=1617920 loss=0.418900 lr=1.207e-05
2026-06-03 23:08:14 [INFO] kd-trainer: step=1590 tokens=1628160 loss=0.460855 lr=1.179e-05
2026-06-03 23:09:01 [INFO] kd-trainer: step=1600 tokens=1638400 loss=0.363783 lr=1.126e-05
2026-06-03 23:09:48 [INFO] kd-trainer: step=1610 tokens=1648640 loss=0.371477 lr=1.099e-05
2026-06-03 23:10:35 [INFO] kd-trainer: step=1620 tokens=1658880 loss=0.333817 lr=1.074e-05
2026-06-03 23:11:22 [INFO] kd-trainer: step=1630 tokens=1669120 loss=0.377045 lr=1.048e-05
2026-06-03 23:12:10 [INFO] kd-trainer: step=1640 tokens=1679360 loss=0.374429 lr=9.994e-06
2026-06-03 23:12:57 [INFO] kd-trainer: step=1650 tokens=1689600 loss=0.387588 lr=9.757e-06
2026-06-03 23:13:44 [INFO] kd-trainer: step=1660 tokens=1699840 loss=2.459973 lr=9.524e-06
2026-06-03 23:14:31 [INFO] kd-trainer: step=1670 tokens=1710080 loss=1.640396 lr=9.297e-06
2026-06-03 23:15:18 [INFO] kd-trainer: step=1680 tokens=1720320 loss=2.194306 lr=8.859e-06
2026-06-03 23:16:05 [INFO] kd-trainer: step=1690 tokens=1730560 loss=2.492253 lr=8.647e-06
2026-06-03 23:16:51 [INFO] kd-trainer: step=1700 tokens=1740800 loss=2.766956 lr=8.441e-06
2026-06-03 23:17:38 [INFO] kd-trainer: step=1710 tokens=1751040 loss=2.021023 lr=8.241e-06
2026-06-03 23:18:25 [INFO] kd-trainer: step=1720 tokens=1761280 loss=2.652056 lr=7.857e-06
2026-06-03 23:19:12 [INFO] kd-trainer: step=1730 tokens=1771520 loss=2.788395 lr=7.674e-06
2026-06-03 23:19:59 [INFO] kd-trainer: step=1740 tokens=1781760 loss=2.673439 lr=7.496e-06
2026-06-03 23:20:46 [INFO] kd-trainer: step=1750 tokens=1792000 loss=2.456917 lr=7.324e-06
2026-06-03 23:21:33 [INFO] kd-trainer: step=1760 tokens=1802240 loss=2.412678 lr=6.997e-06
2026-06-03 23:22:20 [INFO] kd-trainer: step=1770 tokens=1812480 loss=2.710435 lr=6.843e-06
2026-06-03 23:23:07 [INFO] kd-trainer: step=1780 tokens=1822720 loss=2.448447 lr=6.694e-06
2026-06-03 23:23:54 [INFO] kd-trainer: step=1790 tokens=1832960 loss=2.137439 lr=6.552e-06
2026-06-03 23:24:41 [INFO] kd-trainer: step=1800 tokens=1843200 loss=2.683624 lr=6.285e-06
2026-06-03 23:25:28 [INFO] kd-trainer: step=1810 tokens=1853440 loss=1.947772 lr=6.161e-06
2026-06-03 23:26:15 [INFO] kd-trainer: step=1820 tokens=1863680 loss=2.772866 lr=6.043e-06
2026-06-03 23:27:02 [INFO] kd-trainer: step=1830 tokens=1873920 loss=2.784819 lr=5.931e-06
2026-06-03 23:27:49 [INFO] kd-trainer: step=1840 tokens=1884160 loss=2.629566 lr=5.726e-06
2026-06-03 23:28:36 [INFO] kd-trainer: step=1850 tokens=1894400 loss=2.615685 lr=5.633e-06
2026-06-03 23:29:23 [INFO] kd-trainer: step=1860 tokens=1904640 loss=2.027848 lr=5.546e-06
2026-06-03 23:30:10 [INFO] kd-trainer: step=1870 tokens=1914880 loss=1.978669 lr=5.466e-06
2026-06-03 23:30:57 [INFO] kd-trainer: step=1880 tokens=1925120 loss=1.797754 lr=5.324e-06
2026-06-03 23:31:44 [INFO] kd-trainer: step=1890 tokens=1935360 loss=1.969720 lr=5.262e-06
2026-06-03 23:32:31 [INFO] kd-trainer: step=1900 tokens=1945600 loss=2.439355 lr=5.207e-06
2026-06-03 23:33:19 [INFO] kd-trainer: step=1910 tokens=1955840 loss=2.707602 lr=5.159e-06
2026-06-03 23:34:06 [INFO] kd-trainer: step=1920 tokens=1966080 loss=2.827378 lr=5.081e-06
2026-06-03 23:34:53 [INFO] kd-trainer: step=1930 tokens=1976320 loss=1.911169 lr=5.052e-06
2026-06-03 23:35:40 [INFO] kd-trainer: step=1940 tokens=1986560 loss=2.886171 lr=5.029e-06
2026-06-03 23:36:27 [INFO] kd-trainer: step=1950 tokens=1996800 loss=2.691542 lr=5.013e-06
2026-06-03 23:36:57 [INFO] kd-smoke: wrote outputs/eval/07_kd_smoke.json
[Wed Jun  3 11:37:13 PM +03 2026] <<< Finished: python scripts/07_kd_smoke.py
[Wed Jun  3 11:37:13 PM +03 2026] Job finished successfully
