[Thu Jun  4 09:06:58 PM +03 2026] Job started on palamut1
[Thu Jun  4 09:06:59 PM +03 2026] >>> Running: python scripts/10_optional_mini_kd.py --target-tokens 10_000_000
2026-06-04 21:07:48 [INFO] mini-final-kd: disabled fused Mamba kernels for 24 module(s)
2026-06-04 21:07:49 [INFO] kd-trainer: scheduler: 1221 optimizer steps (grad_accum=8, tokens/update=8192, warmup=60)
2026-06-04 21:09:20 [INFO] kd-trainer: step=10 tokens=10240 loss=0.410849 lr=1.667e-06
2026-06-04 21:10:07 [INFO] kd-trainer: step=20 tokens=20480 loss=1.315971 lr=2.500e-06
2026-06-04 21:10:53 [INFO] kd-trainer: step=30 tokens=30720 loss=1.374629 lr=3.333e-06
2026-06-04 21:11:40 [INFO] kd-trainer: step=40 tokens=40960 loss=1.321273 lr=5.000e-06
2026-06-04 21:12:27 [INFO] kd-trainer: step=50 tokens=51200 loss=1.020661 lr=5.833e-06
2026-06-04 21:13:14 [INFO] kd-trainer: step=60 tokens=61440 loss=0.795452 lr=6.667e-06
2026-06-04 21:14:01 [INFO] kd-trainer: step=70 tokens=71680 loss=0.513677 lr=7.500e-06
2026-06-04 21:14:48 [INFO] kd-trainer: step=80 tokens=81920 loss=1.116524 lr=9.167e-06
2026-06-04 21:15:35 [INFO] kd-trainer: step=90 tokens=92160 loss=1.547662 lr=1.000e-05
2026-06-04 21:16:22 [INFO] kd-trainer: step=100 tokens=102400 loss=0.256637 lr=1.083e-05
2026-06-04 21:17:09 [INFO] kd-trainer: step=110 tokens=112640 loss=0.181961 lr=1.167e-05
2026-06-04 21:17:56 [INFO] kd-trainer: step=120 tokens=122880 loss=0.213015 lr=1.333e-05
2026-06-04 21:18:43 [INFO] kd-trainer: step=130 tokens=133120 loss=0.821194 lr=1.417e-05
2026-06-04 21:19:30 [INFO] kd-trainer: step=140 tokens=143360 loss=1.349400 lr=1.500e-05
2026-06-04 21:20:17 [INFO] kd-trainer: step=150 tokens=153600 loss=1.171134 lr=1.583e-05
2026-06-04 21:21:04 [INFO] kd-trainer: step=160 tokens=163840 loss=0.739732 lr=1.750e-05
2026-06-04 21:21:51 [INFO] kd-trainer: step=170 tokens=174080 loss=0.977178 lr=1.833e-05
2026-06-04 21:22:38 [INFO] kd-trainer: step=180 tokens=184320 loss=0.522950 lr=1.917e-05
2026-06-04 21:23:25 [INFO] kd-trainer: step=190 tokens=194560 loss=0.309618 lr=2.000e-05
2026-06-04 21:24:12 [INFO] kd-trainer: step=200 tokens=204800 loss=0.330269 lr=2.167e-05
2026-06-04 21:24:59 [INFO] kd-trainer: step=210 tokens=215040 loss=0.583576 lr=2.250e-05
2026-06-04 21:25:46 [INFO] kd-trainer: step=220 tokens=225280 loss=0.465386 lr=2.333e-05
2026-06-04 21:26:33 [INFO] kd-trainer: step=230 tokens=235520 loss=0.523223 lr=2.417e-05
2026-06-04 21:27:19 [INFO] kd-trainer: step=240 tokens=245760 loss=0.113024 lr=2.583e-05
2026-06-04 21:28:06 [INFO] kd-trainer: step=250 tokens=256000 loss=0.580399 lr=2.667e-05
2026-06-04 21:28:53 [INFO] kd-trainer: step=260 tokens=266240 loss=0.611617 lr=2.750e-05
2026-06-04 21:29:40 [INFO] kd-trainer: step=270 tokens=276480 loss=0.540922 lr=2.833e-05
2026-06-04 21:30:27 [INFO] kd-trainer: step=280 tokens=286720 loss=0.133518 lr=3.000e-05
2026-06-04 21:31:14 [INFO] kd-trainer: step=290 tokens=296960 loss=0.079546 lr=3.083e-05
2026-06-04 21:32:01 [INFO] kd-trainer: step=300 tokens=307200 loss=0.163610 lr=3.167e-05
2026-06-04 21:32:48 [INFO] kd-trainer: step=310 tokens=317440 loss=0.361876 lr=3.250e-05
2026-06-04 21:33:35 [INFO] kd-trainer: step=320 tokens=327680 loss=0.378291 lr=3.417e-05
2026-06-04 21:34:22 [INFO] kd-trainer: step=330 tokens=337920 loss=0.058798 lr=3.500e-05
2026-06-04 21:35:09 [INFO] kd-trainer: step=340 tokens=348160 loss=0.191580 lr=3.583e-05
2026-06-04 21:35:56 [INFO] kd-trainer: step=350 tokens=358400 loss=0.308436 lr=3.667e-05
2026-06-04 21:36:43 [INFO] kd-trainer: step=360 tokens=368640 loss=0.269639 lr=3.833e-05
2026-06-04 21:37:30 [INFO] kd-trainer: step=370 tokens=378880 loss=0.548752 lr=3.917e-05
2026-06-04 21:38:18 [INFO] kd-trainer: step=380 tokens=389120 loss=0.567343 lr=4.000e-05
2026-06-04 21:39:05 [INFO] kd-trainer: step=390 tokens=399360 loss=0.584209 lr=4.083e-05
2026-06-04 21:39:52 [INFO] kd-trainer: step=400 tokens=409600 loss=0.258129 lr=4.250e-05
2026-06-04 21:40:39 [INFO] kd-trainer: step=410 tokens=419840 loss=0.072328 lr=4.333e-05
2026-06-04 21:41:26 [INFO] kd-trainer: step=420 tokens=430080 loss=0.171513 lr=4.417e-05
2026-06-04 21:42:13 [INFO] kd-trainer: step=430 tokens=440320 loss=0.156694 lr=4.500e-05
2026-06-04 21:43:01 [INFO] kd-trainer: step=440 tokens=450560 loss=0.190856 lr=4.667e-05
2026-06-04 21:43:48 [INFO] kd-trainer: step=450 tokens=460800 loss=0.073361 lr=4.750e-05
2026-06-04 21:44:35 [INFO] kd-trainer: step=460 tokens=471040 loss=0.143814 lr=4.833e-05
2026-06-04 21:45:22 [INFO] kd-trainer: step=470 tokens=481280 loss=0.450202 lr=4.917e-05
2026-06-04 21:46:09 [INFO] kd-trainer: step=480 tokens=491520 loss=0.403904 lr=5.000e-05
2026-06-04 21:46:56 [INFO] kd-trainer: step=490 tokens=501760 loss=0.128004 lr=5.000e-05
2026-06-04 21:47:43 [INFO] kd-trainer: step=500 tokens=512000 loss=0.111328 lr=5.000e-05
2026-06-04 21:48:31 [INFO] kd-trainer: step=510 tokens=522240 loss=0.028620 lr=5.000e-05
2026-06-04 21:49:18 [INFO] kd-trainer: step=520 tokens=532480 loss=0.013856 lr=5.000e-05
2026-06-04 21:50:05 [INFO] kd-trainer: step=530 tokens=542720 loss=0.158468 lr=5.000e-05
2026-06-04 21:50:52 [INFO] kd-trainer: step=540 tokens=552960 loss=0.068342 lr=5.000e-05
2026-06-04 21:51:39 [INFO] kd-trainer: step=550 tokens=563200 loss=0.175914 lr=4.999e-05
2026-06-04 21:52:26 [INFO] kd-trainer: step=560 tokens=573440 loss=0.036339 lr=4.999e-05
2026-06-04 21:53:14 [INFO] kd-trainer: step=570 tokens=583680 loss=0.021559 lr=4.999e-05
2026-06-04 21:54:01 [INFO] kd-trainer: step=580 tokens=593920 loss=0.118966 lr=4.999e-05
2026-06-04 21:54:48 [INFO] kd-trainer: step=590 tokens=604160 loss=0.115215 lr=4.999e-05
2026-06-04 21:55:35 [INFO] kd-trainer: step=600 tokens=614400 loss=1.456510 lr=4.998e-05
2026-06-04 21:56:22 [INFO] kd-trainer: step=610 tokens=624640 loss=0.444803 lr=4.998e-05
2026-06-04 21:57:09 [INFO] kd-trainer: step=620 tokens=634880 loss=1.076497 lr=4.998e-05
2026-06-04 21:57:56 [INFO] kd-trainer: step=630 tokens=645120 loss=1.216142 lr=4.997e-05
2026-06-04 21:58:44 [INFO] kd-trainer: step=640 tokens=655360 loss=0.510507 lr=4.997e-05
2026-06-04 21:59:31 [INFO] kd-trainer: step=650 tokens=665600 loss=1.052594 lr=4.996e-05
2026-06-04 22:00:18 [INFO] kd-trainer: step=660 tokens=675840 loss=0.790484 lr=4.996e-05
2026-06-04 22:01:05 [INFO] kd-trainer: step=670 tokens=686080 loss=1.053414 lr=4.996e-05
2026-06-04 22:01:52 [INFO] kd-trainer: step=680 tokens=696320 loss=0.256167 lr=4.995e-05
2026-06-04 22:02:39 [INFO] kd-trainer: step=690 tokens=706560 loss=1.180702 lr=4.994e-05
2026-06-04 22:03:26 [INFO] kd-trainer: step=700 tokens=716800 loss=0.828345 lr=4.994e-05
2026-06-04 22:04:14 [INFO] kd-trainer: step=710 tokens=727040 loss=1.524016 lr=4.994e-05
2026-06-04 22:05:01 [INFO] kd-trainer: step=720 tokens=737280 loss=0.793103 lr=4.993e-05
2026-06-04 22:05:48 [INFO] kd-trainer: step=730 tokens=747520 loss=0.168456 lr=4.992e-05
2026-06-04 22:06:35 [INFO] kd-trainer: step=740 tokens=757760 loss=1.147237 lr=4.992e-05
2026-06-04 22:07:22 [INFO] kd-trainer: step=750 tokens=768000 loss=1.481364 lr=4.991e-05
2026-06-04 22:08:09 [INFO] kd-trainer: step=760 tokens=778240 loss=0.379319 lr=4.990e-05
2026-06-04 22:08:56 [INFO] kd-trainer: step=770 tokens=788480 loss=0.829966 lr=4.989e-05
2026-06-04 22:09:43 [INFO] kd-trainer: step=780 tokens=798720 loss=0.969421 lr=4.989e-05
2026-06-04 22:10:30 [INFO] kd-trainer: step=790 tokens=808960 loss=0.849370 lr=4.988e-05
2026-06-04 22:11:17 [INFO] kd-trainer: step=800 tokens=819200 loss=0.210383 lr=4.987e-05
2026-06-04 22:12:04 [INFO] kd-trainer: step=810 tokens=829440 loss=0.698240 lr=4.986e-05
2026-06-04 22:12:52 [INFO] kd-trainer: step=820 tokens=839680 loss=1.612559 lr=4.985e-05
2026-06-04 22:13:38 [INFO] kd-trainer: step=830 tokens=849920 loss=1.505623 lr=4.985e-05
2026-06-04 22:14:26 [INFO] kd-trainer: step=840 tokens=860160 loss=0.555975 lr=4.983e-05
2026-06-04 22:15:13 [INFO] kd-trainer: step=850 tokens=870400 loss=1.584932 lr=4.983e-05
2026-06-04 22:16:00 [INFO] kd-trainer: step=860 tokens=880640 loss=1.430155 lr=4.982e-05
2026-06-04 22:16:47 [INFO] kd-trainer: step=870 tokens=890880 loss=0.451136 lr=4.981e-05
2026-06-04 22:17:34 [INFO] kd-trainer: step=880 tokens=901120 loss=1.040671 lr=4.979e-05
2026-06-04 22:18:21 [INFO] kd-trainer: step=890 tokens=911360 loss=1.164163 lr=4.979e-05
2026-06-04 22:19:08 [INFO] kd-trainer: step=900 tokens=921600 loss=0.756868 lr=4.978e-05
2026-06-04 22:19:55 [INFO] kd-trainer: step=910 tokens=931840 loss=1.142539 lr=4.977e-05
2026-06-04 22:20:42 [INFO] kd-trainer: step=920 tokens=942080 loss=1.047759 lr=4.975e-05
2026-06-04 22:21:29 [INFO] kd-trainer: step=930 tokens=952320 loss=0.863207 lr=4.974e-05
2026-06-04 22:22:16 [INFO] kd-trainer: step=940 tokens=962560 loss=1.435076 lr=4.973e-05
2026-06-04 22:23:03 [INFO] kd-trainer: step=950 tokens=972800 loss=0.640718 lr=4.972e-05
2026-06-04 22:23:51 [INFO] kd-trainer: step=960 tokens=983040 loss=0.457475 lr=4.970e-05
2026-06-04 22:24:38 [INFO] kd-trainer: step=970 tokens=993280 loss=1.561126 lr=4.969e-05
2026-06-04 22:25:25 [INFO] kd-trainer: step=980 tokens=1003520 loss=1.677935 lr=4.968e-05
2026-06-04 22:26:12 [INFO] kd-trainer: step=990 tokens=1013760 loss=1.175172 lr=4.967e-05
2026-06-04 22:26:59 [INFO] kd-trainer: step=1000 tokens=1024000 loss=1.258035 lr=4.965e-05
2026-06-04 22:27:46 [INFO] kd-trainer: step=1010 tokens=1034240 loss=1.402190 lr=4.964e-05
2026-06-04 22:28:33 [INFO] kd-trainer: step=1020 tokens=1044480 loss=1.102532 lr=4.963e-05
2026-06-04 22:29:20 [INFO] kd-trainer: step=1030 tokens=1054720 loss=1.490067 lr=4.962e-05
2026-06-04 22:30:07 [INFO] kd-trainer: step=1040 tokens=1064960 loss=0.947824 lr=4.960e-05
2026-06-04 22:30:54 [INFO] kd-trainer: step=1050 tokens=1075200 loss=1.174867 lr=4.959e-05
2026-06-04 22:31:41 [INFO] kd-trainer: step=1060 tokens=1085440 loss=1.071427 lr=4.957e-05
2026-06-04 22:32:28 [INFO] kd-trainer: step=1070 tokens=1095680 loss=0.975153 lr=4.956e-05
2026-06-04 22:33:15 [INFO] kd-trainer: step=1080 tokens=1105920 loss=1.185876 lr=4.954e-05
2026-06-04 22:34:02 [INFO] kd-trainer: step=1090 tokens=1116160 loss=1.031160 lr=4.953e-05
2026-06-04 22:34:49 [INFO] kd-trainer: step=1100 tokens=1126400 loss=1.308412 lr=4.951e-05
2026-06-04 22:35:36 [INFO] kd-trainer: step=1110 tokens=1136640 loss=0.595868 lr=4.950e-05
2026-06-04 22:36:23 [INFO] kd-trainer: step=1120 tokens=1146880 loss=1.370653 lr=4.947e-05
2026-06-04 22:37:10 [INFO] kd-trainer: step=1130 tokens=1157120 loss=1.518415 lr=4.946e-05
2026-06-04 22:37:57 [INFO] kd-trainer: step=1140 tokens=1167360 loss=1.822542 lr=4.945e-05
2026-06-04 22:38:44 [INFO] kd-trainer: step=1150 tokens=1177600 loss=1.158832 lr=4.943e-05
2026-06-04 22:39:31 [INFO] kd-trainer: step=1160 tokens=1187840 loss=1.282698 lr=4.941e-05
2026-06-04 22:40:18 [INFO] kd-trainer: step=1170 tokens=1198080 loss=1.433259 lr=4.939e-05
2026-06-04 22:41:05 [INFO] kd-trainer: step=1180 tokens=1208320 loss=1.710892 lr=4.938e-05
2026-06-04 22:41:52 [INFO] kd-trainer: step=1190 tokens=1218560 loss=1.431438 lr=4.937e-05
2026-06-04 22:42:40 [INFO] kd-trainer: step=1200 tokens=1228800 loss=0.269943 lr=4.934e-05
2026-06-04 22:43:27 [INFO] kd-trainer: step=1210 tokens=1239040 loss=1.250975 lr=4.932e-05
2026-06-04 22:44:14 [INFO] kd-trainer: step=1220 tokens=1249280 loss=1.359081 lr=4.931e-05
2026-06-04 22:45:01 [INFO] kd-trainer: step=1230 tokens=1259520 loss=0.406841 lr=4.929e-05
2026-06-04 22:45:48 [INFO] kd-trainer: step=1240 tokens=1269760 loss=1.264915 lr=4.926e-05
2026-06-04 22:46:35 [INFO] kd-trainer: step=1250 tokens=1280000 loss=1.091387 lr=4.925e-05
2026-06-04 22:47:22 [INFO] kd-trainer: step=1260 tokens=1290240 loss=0.441586 lr=4.923e-05
2026-06-04 22:48:09 [INFO] kd-trainer: step=1270 tokens=1300480 loss=1.801960 lr=4.921e-05
2026-06-04 22:48:56 [INFO] kd-trainer: step=1280 tokens=1310720 loss=0.922308 lr=4.918e-05
2026-06-04 22:49:43 [INFO] kd-trainer: step=1290 tokens=1320960 loss=0.633796 lr=4.916e-05
2026-06-04 22:50:30 [INFO] kd-trainer: step=1300 tokens=1331200 loss=1.252568 lr=4.915e-05
2026-06-04 22:51:17 [INFO] kd-trainer: step=1310 tokens=1341440 loss=0.387549 lr=4.913e-05
2026-06-04 22:52:04 [INFO] kd-trainer: step=1320 tokens=1351680 loss=0.395352 lr=4.910e-05
2026-06-04 22:52:51 [INFO] kd-trainer: step=1330 tokens=1361920 loss=0.698509 lr=4.908e-05
2026-06-04 22:53:38 [INFO] kd-trainer: step=1340 tokens=1372160 loss=1.082505 lr=4.906e-05
2026-06-04 22:54:25 [INFO] kd-trainer: step=1350 tokens=1382400 loss=0.828537 lr=4.905e-05
2026-06-04 22:55:12 [INFO] kd-trainer: step=1360 tokens=1392640 loss=0.644754 lr=4.901e-05
2026-06-04 22:55:59 [INFO] kd-trainer: step=1370 tokens=1402880 loss=0.279723 lr=4.899e-05
2026-06-04 22:56:46 [INFO] kd-trainer: step=1380 tokens=1413120 loss=0.279184 lr=4.897e-05
2026-06-04 22:57:33 [INFO] kd-trainer: step=1390 tokens=1423360 loss=1.487995 lr=4.896e-05
2026-06-04 22:58:21 [INFO] kd-trainer: step=1400 tokens=1433600 loss=1.508932 lr=4.892e-05
2026-06-04 22:59:08 [INFO] kd-trainer: step=1410 tokens=1443840 loss=1.040856 lr=4.890e-05
2026-06-04 22:59:55 [INFO] kd-trainer: step=1420 tokens=1454080 loss=1.172841 lr=4.888e-05
2026-06-04 23:00:42 [INFO] kd-trainer: step=1430 tokens=1464320 loss=0.665261 lr=4.886e-05
2026-06-04 23:01:29 [INFO] kd-trainer: step=1440 tokens=1474560 loss=1.416564 lr=4.882e-05
2026-06-04 23:02:16 [INFO] kd-trainer: step=1450 tokens=1484800 loss=1.421098 lr=4.880e-05
2026-06-04 23:03:03 [INFO] kd-trainer: step=1460 tokens=1495040 loss=1.169343 lr=4.879e-05
2026-06-04 23:03:50 [INFO] kd-trainer: step=1470 tokens=1505280 loss=0.639931 lr=4.877e-05
2026-06-04 23:04:37 [INFO] kd-trainer: step=1480 tokens=1515520 loss=0.509196 lr=4.873e-05
2026-06-04 23:05:25 [INFO] kd-trainer: step=1490 tokens=1525760 loss=1.907520 lr=4.870e-05
2026-06-04 23:06:12 [INFO] kd-trainer: step=1500 tokens=1536000 loss=1.511870 lr=4.868e-05
2026-06-04 23:06:59 [INFO] kd-trainer: step=1510 tokens=1546240 loss=0.245177 lr=4.866e-05
2026-06-04 23:07:46 [INFO] kd-trainer: step=1520 tokens=1556480 loss=0.230816 lr=4.862e-05
2026-06-04 23:08:33 [INFO] kd-trainer: step=1530 tokens=1566720 loss=0.181818 lr=4.860e-05
2026-06-04 23:09:20 [INFO] kd-trainer: step=1540 tokens=1576960 loss=0.191077 lr=4.858e-05
2026-06-04 23:10:06 [INFO] kd-trainer: step=1550 tokens=1587200 loss=0.162145 lr=4.856e-05
2026-06-04 23:10:53 [INFO] kd-trainer: step=1560 tokens=1597440 loss=0.176803 lr=4.852e-05
2026-06-04 23:11:40 [INFO] kd-trainer: step=1570 tokens=1607680 loss=0.148970 lr=4.849e-05
2026-06-04 23:12:27 [INFO] kd-trainer: step=1580 tokens=1617920 loss=0.151007 lr=4.847e-05
2026-06-04 23:13:14 [INFO] kd-trainer: step=1590 tokens=1628160 loss=0.172304 lr=4.845e-05
2026-06-04 23:14:01 [INFO] kd-trainer: step=1600 tokens=1638400 loss=0.132668 lr=4.840e-05
2026-06-04 23:14:48 [INFO] kd-trainer: step=1610 tokens=1648640 loss=0.103724 lr=4.838e-05
2026-06-04 23:15:34 [INFO] kd-trainer: step=1620 tokens=1658880 loss=0.100784 lr=4.836e-05
2026-06-04 23:16:21 [INFO] kd-trainer: step=1630 tokens=1669120 loss=0.158357 lr=4.834e-05
2026-06-04 23:17:08 [INFO] kd-trainer: step=1640 tokens=1679360 loss=0.163453 lr=4.829e-05
2026-06-04 23:17:55 [INFO] kd-trainer: step=1650 tokens=1689600 loss=0.048570 lr=4.827e-05
2026-06-04 23:18:42 [INFO] kd-trainer: step=1660 tokens=1699840 loss=0.985082 lr=4.824e-05
2026-06-04 23:19:29 [INFO] kd-trainer: step=1670 tokens=1710080 loss=0.551375 lr=4.822e-05
2026-06-04 23:20:16 [INFO] kd-trainer: step=1680 tokens=1720320 loss=1.038960 lr=4.817e-05
2026-06-04 23:21:03 [INFO] kd-trainer: step=1690 tokens=1730560 loss=1.092409 lr=4.815e-05
2026-06-04 23:21:49 [INFO] kd-trainer: step=1700 tokens=1740800 loss=1.246756 lr=4.812e-05
2026-06-04 23:22:36 [INFO] kd-trainer: step=1710 tokens=1751040 loss=0.601551 lr=4.810e-05
2026-06-04 23:23:23 [INFO] kd-trainer: step=1720 tokens=1761280 loss=1.114283 lr=4.805e-05
2026-06-04 23:24:10 [INFO] kd-trainer: step=1730 tokens=1771520 loss=1.276690 lr=4.802e-05
2026-06-04 23:24:57 [INFO] kd-trainer: step=1740 tokens=1781760 loss=1.204924 lr=4.800e-05
2026-06-04 23:25:44 [INFO] kd-trainer: step=1750 tokens=1792000 loss=0.977791 lr=4.797e-05
2026-06-04 23:26:31 [INFO] kd-trainer: step=1760 tokens=1802240 loss=1.028315 lr=4.792e-05
2026-06-04 23:27:18 [INFO] kd-trainer: step=1770 tokens=1812480 loss=1.198768 lr=4.790e-05
2026-06-04 23:28:04 [INFO] kd-trainer: step=1780 tokens=1822720 loss=0.966182 lr=4.787e-05
2026-06-04 23:28:51 [INFO] kd-trainer: step=1790 tokens=1832960 loss=0.584430 lr=4.785e-05
2026-06-04 23:29:38 [INFO] kd-trainer: step=1800 tokens=1843200 loss=1.233528 lr=4.779e-05
2026-06-04 23:30:25 [INFO] kd-trainer: step=1810 tokens=1853440 loss=0.492765 lr=4.777e-05
2026-06-04 23:31:12 [INFO] kd-trainer: step=1820 tokens=1863680 loss=1.337087 lr=4.774e-05
2026-06-04 23:31:59 [INFO] kd-trainer: step=1830 tokens=1873920 loss=1.254385 lr=4.771e-05
2026-06-04 23:32:46 [INFO] kd-trainer: step=1840 tokens=1884160 loss=1.194049 lr=4.766e-05
2026-06-04 23:33:33 [INFO] kd-trainer: step=1850 tokens=1894400 loss=0.921622 lr=4.763e-05
2026-06-04 23:34:20 [INFO] kd-trainer: step=1860 tokens=1904640 loss=0.738730 lr=4.761e-05
2026-06-04 23:35:06 [INFO] kd-trainer: step=1870 tokens=1914880 loss=0.628840 lr=4.758e-05
2026-06-04 23:35:53 [INFO] kd-trainer: step=1880 tokens=1925120 loss=0.463020 lr=4.752e-05
2026-06-04 23:36:40 [INFO] kd-trainer: step=1890 tokens=1935360 loss=0.590202 lr=4.750e-05
2026-06-04 23:37:27 [INFO] kd-trainer: step=1900 tokens=1945600 loss=1.183916 lr=4.747e-05
2026-06-04 23:38:14 [INFO] kd-trainer: step=1910 tokens=1955840 loss=1.071108 lr=4.744e-05
2026-06-04 23:39:01 [INFO] kd-trainer: step=1920 tokens=1966080 loss=1.297690 lr=4.738e-05
2026-06-04 23:39:48 [INFO] kd-trainer: step=1930 tokens=1976320 loss=0.691506 lr=4.735e-05
2026-06-04 23:40:35 [INFO] kd-trainer: step=1940 tokens=1986560 loss=1.297315 lr=4.733e-05
2026-06-04 23:41:21 [INFO] kd-trainer: step=1950 tokens=1996800 loss=0.960196 lr=4.730e-05
2026-06-04 23:42:08 [INFO] kd-trainer: step=1960 tokens=2007040 loss=1.260139 lr=4.724e-05
2026-06-04 23:42:55 [INFO] kd-trainer: step=1970 tokens=2017280 loss=0.249097 lr=4.721e-05
2026-06-04 23:43:42 [INFO] kd-trainer: step=1980 tokens=2027520 loss=0.247440 lr=4.718e-05
2026-06-04 23:44:29 [INFO] kd-trainer: step=1990 tokens=2037760 loss=0.364518 lr=4.715e-05
2026-06-04 23:45:16 [INFO] kd-trainer: step=2000 tokens=2048000 loss=0.248812 lr=4.709e-05
2026-06-04 23:46:03 [INFO] kd-trainer: step=2010 tokens=2058240 loss=1.121997 lr=4.706e-05
2026-06-04 23:46:50 [INFO] kd-trainer: step=2020 tokens=2068480 loss=1.081352 lr=4.703e-05
2026-06-04 23:47:36 [INFO] kd-trainer: step=2030 tokens=2078720 loss=1.205202 lr=4.700e-05
2026-06-04 23:48:23 [INFO] kd-trainer: step=2040 tokens=2088960 loss=1.145852 lr=4.694e-05
2026-06-04 23:49:10 [INFO] kd-trainer: step=2050 tokens=2099200 loss=1.409865 lr=4.691e-05
2026-06-04 23:49:57 [INFO] kd-trainer: step=2060 tokens=2109440 loss=1.134901 lr=4.688e-05
2026-06-04 23:50:44 [INFO] kd-trainer: step=2070 tokens=2119680 loss=0.946899 lr=4.685e-05
2026-06-04 23:51:31 [INFO] kd-trainer: step=2080 tokens=2129920 loss=0.761471 lr=4.678e-05
2026-06-04 23:52:18 [INFO] kd-trainer: step=2090 tokens=2140160 loss=1.357147 lr=4.675e-05
2026-06-04 23:53:05 [INFO] kd-trainer: step=2100 tokens=2150400 loss=0.854884 lr=4.672e-05
2026-06-04 23:53:51 [INFO] kd-trainer: step=2110 tokens=2160640 loss=1.041234 lr=4.669e-05
2026-06-04 23:54:38 [INFO] kd-trainer: step=2120 tokens=2170880 loss=0.781912 lr=4.663e-05
2026-06-04 23:55:25 [INFO] kd-trainer: step=2130 tokens=2181120 loss=0.841878 lr=4.659e-05
2026-06-04 23:56:12 [INFO] kd-trainer: step=2140 tokens=2191360 loss=0.950297 lr=4.656e-05
2026-06-04 23:56:59 [INFO] kd-trainer: step=2150 tokens=2201600 loss=0.938750 lr=4.653e-05
2026-06-04 23:57:46 [INFO] kd-trainer: step=2160 tokens=2211840 loss=0.934395 lr=4.646e-05
2026-06-04 23:58:33 [INFO] kd-trainer: step=2170 tokens=2222080 loss=1.206304 lr=4.643e-05
2026-06-04 23:59:20 [INFO] kd-trainer: step=2180 tokens=2232320 loss=1.151182 lr=4.640e-05
2026-06-05 00:00:06 [INFO] kd-trainer: step=2190 tokens=2242560 loss=1.035871 lr=4.637e-05
2026-06-05 00:00:53 [INFO] kd-trainer: step=2200 tokens=2252800 loss=0.407298 lr=4.630e-05
2026-06-05 00:01:40 [INFO] kd-trainer: step=2210 tokens=2263040 loss=1.238755 lr=4.626e-05
2026-06-05 00:02:27 [INFO] kd-trainer: step=2220 tokens=2273280 loss=1.000025 lr=4.623e-05
2026-06-05 00:03:14 [INFO] kd-trainer: step=2230 tokens=2283520 loss=1.171754 lr=4.620e-05
2026-06-05 00:04:01 [INFO] kd-trainer: step=2240 tokens=2293760 loss=0.550710 lr=4.613e-05
2026-06-05 00:04:48 [INFO] kd-trainer: step=2250 tokens=2304000 loss=0.508413 lr=4.610e-05
2026-06-05 00:05:35 [INFO] kd-trainer: step=2260 tokens=2314240 loss=0.641085 lr=4.606e-05
2026-06-05 00:06:22 [INFO] kd-trainer: step=2270 tokens=2324480 loss=0.153991 lr=4.603e-05
2026-06-05 00:07:09 [INFO] kd-trainer: step=2280 tokens=2334720 loss=0.952115 lr=4.596e-05
2026-06-05 00:07:56 [INFO] kd-trainer: step=2290 tokens=2344960 loss=0.472249 lr=4.592e-05
2026-06-05 00:08:42 [INFO] kd-trainer: step=2300 tokens=2355200 loss=1.385841 lr=4.589e-05
2026-06-05 00:09:29 [INFO] kd-trainer: step=2310 tokens=2365440 loss=0.775984 lr=4.585e-05
2026-06-05 00:10:16 [INFO] kd-trainer: step=2320 tokens=2375680 loss=0.175180 lr=4.578e-05
2026-06-05 00:11:03 [INFO] kd-trainer: step=2330 tokens=2385920 loss=1.093778 lr=4.575e-05
2026-06-05 00:11:50 [INFO] kd-trainer: step=2340 tokens=2396160 loss=1.366228 lr=4.571e-05
2026-06-05 00:12:37 [INFO] kd-trainer: step=2350 tokens=2406400 loss=0.259144 lr=4.567e-05
2026-06-05 00:13:24 [INFO] kd-trainer: step=2360 tokens=2416640 loss=0.475096 lr=4.560e-05
2026-06-05 00:14:11 [INFO] kd-trainer: step=2370 tokens=2426880 loss=0.989139 lr=4.557e-05
2026-06-05 00:14:58 [INFO] kd-trainer: step=2380 tokens=2437120 loss=1.003040 lr=4.553e-05
2026-06-05 00:15:45 [INFO] kd-trainer: step=2390 tokens=2447360 loss=0.637340 lr=4.549e-05
2026-06-05 00:16:32 [INFO] kd-trainer: step=2400 tokens=2457600 loss=0.882872 lr=4.542e-05
2026-06-05 00:17:19 [INFO] kd-trainer: step=2410 tokens=2467840 loss=1.110642 lr=4.538e-05
2026-06-05 00:18:05 [INFO] kd-trainer: step=2420 tokens=2478080 loss=0.884663 lr=4.535e-05
2026-06-05 00:18:52 [INFO] kd-trainer: step=2430 tokens=2488320 loss=0.440596 lr=4.531e-05
2026-06-05 00:19:39 [INFO] kd-trainer: step=2440 tokens=2498560 loss=0.967303 lr=4.523e-05
2026-06-05 00:20:26 [INFO] kd-trainer: step=2450 tokens=2508800 loss=0.389899 lr=4.520e-05
2026-06-05 00:21:13 [INFO] kd-trainer: step=2460 tokens=2519040 loss=0.492969 lr=4.516e-05
2026-06-05 00:22:00 [INFO] kd-trainer: step=2470 tokens=2529280 loss=1.084148 lr=4.512e-05
2026-06-05 00:22:47 [INFO] kd-trainer: step=2480 tokens=2539520 loss=1.535871 lr=4.505e-05
2026-06-05 00:23:34 [INFO] kd-trainer: step=2490 tokens=2549760 loss=1.081796 lr=4.501e-05
2026-06-05 00:24:21 [INFO] kd-trainer: step=2500 tokens=2560000 loss=2.306239 lr=4.497e-05
2026-06-05 00:25:08 [INFO] kd-trainer: step=2510 tokens=2570240 loss=1.055787 lr=4.493e-05
2026-06-05 00:25:55 [INFO] kd-trainer: step=2520 tokens=2580480 loss=0.340483 lr=4.485e-05
2026-06-05 00:26:41 [INFO] kd-trainer: step=2530 tokens=2590720 loss=0.359387 lr=4.481e-05
2026-06-05 00:27:28 [INFO] kd-trainer: step=2540 tokens=2600960 loss=1.157569 lr=4.478e-05
2026-06-05 00:28:15 [INFO] kd-trainer: step=2550 tokens=2611200 loss=0.193318 lr=4.474e-05
2026-06-05 00:29:02 [INFO] kd-trainer: step=2560 tokens=2621440 loss=1.332752 lr=4.466e-05
2026-06-05 00:29:49 [INFO] kd-trainer: step=2570 tokens=2631680 loss=0.361215 lr=4.462e-05
2026-06-05 00:30:36 [INFO] kd-trainer: step=2580 tokens=2641920 loss=0.376068 lr=4.458e-05
2026-06-05 00:31:23 [INFO] kd-trainer: step=2590 tokens=2652160 loss=1.292415 lr=4.454e-05
2026-06-05 00:32:10 [INFO] kd-trainer: step=2600 tokens=2662400 loss=0.461593 lr=4.446e-05
2026-06-05 00:32:56 [INFO] kd-trainer: step=2610 tokens=2672640 loss=0.385429 lr=4.442e-05
2026-06-05 00:33:43 [INFO] kd-trainer: step=2620 tokens=2682880 loss=0.997660 lr=4.438e-05
2026-06-05 00:34:30 [INFO] kd-trainer: step=2630 tokens=2693120 loss=1.001113 lr=4.434e-05
2026-06-05 00:35:17 [INFO] kd-trainer: step=2640 tokens=2703360 loss=0.433445 lr=4.426e-05
2026-06-05 00:36:04 [INFO] kd-trainer: step=2650 tokens=2713600 loss=0.463246 lr=4.422e-05
2026-06-05 00:36:51 [INFO] kd-trainer: step=2660 tokens=2723840 loss=1.297584 lr=4.418e-05
2026-06-05 00:37:38 [INFO] kd-trainer: step=2670 tokens=2734080 loss=1.202523 lr=4.413e-05
2026-06-05 00:38:25 [INFO] kd-trainer: step=2680 tokens=2744320 loss=0.331865 lr=4.405e-05
2026-06-05 00:39:11 [INFO] kd-trainer: step=2690 tokens=2754560 loss=0.520585 lr=4.401e-05
2026-06-05 00:39:58 [INFO] kd-trainer: step=2700 tokens=2764800 loss=1.066204 lr=4.397e-05
2026-06-05 00:40:45 [INFO] kd-trainer: step=2710 tokens=2775040 loss=0.387322 lr=4.393e-05
2026-06-05 00:41:32 [INFO] kd-trainer: step=2720 tokens=2785280 loss=0.622461 lr=4.385e-05
2026-06-05 00:42:19 [INFO] kd-trainer: step=2730 tokens=2795520 loss=1.028628 lr=4.380e-05
2026-06-05 00:43:06 [INFO] kd-trainer: step=2740 tokens=2805760 loss=0.291851 lr=4.376e-05
2026-06-05 00:43:53 [INFO] kd-trainer: step=2750 tokens=2816000 loss=0.871980 lr=4.372e-05
2026-06-05 00:44:40 [INFO] kd-trainer: step=2760 tokens=2826240 loss=0.945227 lr=4.363e-05
2026-06-05 00:45:26 [INFO] kd-trainer: step=2770 tokens=2836480 loss=1.174567 lr=4.359e-05
2026-06-05 00:46:13 [INFO] kd-trainer: step=2780 tokens=2846720 loss=0.469700 lr=4.355e-05
2026-06-05 00:47:00 [INFO] kd-trainer: step=2790 tokens=2856960 loss=1.025999 lr=4.351e-05
2026-06-05 00:47:47 [INFO] kd-trainer: step=2800 tokens=2867200 loss=0.333886 lr=4.342e-05
2026-06-05 00:48:34 [INFO] kd-trainer: step=2810 tokens=2877440 loss=0.588281 lr=4.338e-05
2026-06-05 00:49:21 [INFO] kd-trainer: step=2820 tokens=2887680 loss=0.762293 lr=4.333e-05
2026-06-05 00:50:08 [INFO] kd-trainer: step=2830 tokens=2897920 loss=1.416517 lr=4.329e-05
2026-06-05 00:50:55 [INFO] kd-trainer: step=2840 tokens=2908160 loss=1.298369 lr=4.320e-05
2026-06-05 00:51:42 [INFO] kd-trainer: step=2850 tokens=2918400 loss=0.187835 lr=4.316e-05
2026-06-05 00:52:28 [INFO] kd-trainer: step=2860 tokens=2928640 loss=0.838674 lr=4.312e-05
2026-06-05 00:53:15 [INFO] kd-trainer: step=2870 tokens=2938880 loss=0.851897 lr=4.307e-05
2026-06-05 00:54:02 [INFO] kd-trainer: step=2880 tokens=2949120 loss=1.435852 lr=4.298e-05
2026-06-05 00:54:49 [INFO] kd-trainer: step=2890 tokens=2959360 loss=0.345605 lr=4.294e-05
2026-06-05 00:55:36 [INFO] kd-trainer: step=2900 tokens=2969600 loss=0.944162 lr=4.290e-05
2026-06-05 00:56:23 [INFO] kd-trainer: step=2910 tokens=2979840 loss=0.213665 lr=4.285e-05
2026-06-05 00:57:10 [INFO] kd-trainer: step=2920 tokens=2990080 loss=0.226872 lr=4.276e-05
2026-06-05 00:57:57 [INFO] kd-trainer: step=2930 tokens=3000320 loss=0.169959 lr=4.272e-05
2026-06-05 00:58:43 [INFO] kd-trainer: step=2940 tokens=3010560 loss=0.442120 lr=4.267e-05
2026-06-05 00:59:30 [INFO] kd-trainer: step=2950 tokens=3020800 loss=0.370869 lr=4.263e-05
2026-06-05 01:00:17 [INFO] kd-trainer: step=2960 tokens=3031040 loss=1.105688 lr=4.254e-05
2026-06-05 01:01:04 [INFO] kd-trainer: step=2970 tokens=3041280 loss=0.761020 lr=4.249e-05
2026-06-05 01:01:51 [INFO] kd-trainer: step=2980 tokens=3051520 loss=1.368104 lr=4.245e-05
2026-06-05 01:02:38 [INFO] kd-trainer: step=2990 tokens=3061760 loss=1.126090 lr=4.240e-05
2026-06-05 01:03:25 [INFO] kd-trainer: step=3000 tokens=3072000 loss=1.941795 lr=4.231e-05
2026-06-05 01:04:12 [INFO] kd-trainer: step=3010 tokens=3082240 loss=0.192840 lr=4.226e-05
2026-06-05 01:04:58 [INFO] kd-trainer: step=3020 tokens=3092480 loss=1.169771 lr=4.222e-05
2026-06-05 01:05:45 [INFO] kd-trainer: step=3030 tokens=3102720 loss=0.432694 lr=4.217e-05
2026-06-05 01:06:32 [INFO] kd-trainer: step=3040 tokens=3112960 loss=1.125523 lr=4.208e-05
2026-06-05 01:07:19 [INFO] kd-trainer: step=3050 tokens=3123200 loss=1.177164 lr=4.203e-05
2026-06-05 01:08:06 [INFO] kd-trainer: step=3060 tokens=3133440 loss=0.332836 lr=4.199e-05
2026-06-05 01:08:53 [INFO] kd-trainer: step=3070 tokens=3143680 loss=1.154898 lr=4.194e-05
2026-06-05 01:09:40 [INFO] kd-trainer: step=3080 tokens=3153920 loss=0.209016 lr=4.185e-05
2026-06-05 01:10:27 [INFO] kd-trainer: step=3090 tokens=3164160 loss=0.870211 lr=4.180e-05
2026-06-05 01:11:13 [INFO] kd-trainer: step=3100 tokens=3174400 loss=0.344725 lr=4.175e-05
2026-06-05 01:12:00 [INFO] kd-trainer: step=3110 tokens=3184640 loss=0.623735 lr=4.170e-05
2026-06-05 01:12:47 [INFO] kd-trainer: step=3120 tokens=3194880 loss=0.962906 lr=4.161e-05
2026-06-05 01:13:34 [INFO] kd-trainer: step=3130 tokens=3205120 loss=0.576865 lr=4.156e-05
2026-06-05 01:14:21 [INFO] kd-trainer: step=3140 tokens=3215360 loss=0.798892 lr=4.151e-05
2026-06-05 01:15:08 [INFO] kd-trainer: step=3150 tokens=3225600 loss=0.247697 lr=4.147e-05
2026-06-05 01:15:55 [INFO] kd-trainer: step=3160 tokens=3235840 loss=1.033844 lr=4.137e-05
2026-06-05 01:16:42 [INFO] kd-trainer: step=3170 tokens=3246080 loss=0.915860 lr=4.132e-05
2026-06-05 01:17:29 [INFO] kd-trainer: step=3180 tokens=3256320 loss=0.441603 lr=4.128e-05
2026-06-05 01:18:15 [INFO] kd-trainer: step=3190 tokens=3266560 loss=0.538989 lr=4.123e-05
2026-06-05 01:19:02 [INFO] kd-trainer: step=3200 tokens=3276800 loss=0.371371 lr=4.113e-05
2026-06-05 01:19:49 [INFO] kd-trainer: step=3210 tokens=3287040 loss=0.967518 lr=4.108e-05
2026-06-05 01:20:36 [INFO] kd-trainer: step=3220 tokens=3297280 loss=1.160490 lr=4.103e-05
2026-06-05 01:21:23 [INFO] kd-trainer: step=3230 tokens=3307520 loss=0.411174 lr=4.098e-05
2026-06-05 01:22:10 [INFO] kd-trainer: step=3240 tokens=3317760 loss=0.643576 lr=4.089e-05
2026-06-05 01:22:57 [INFO] kd-trainer: step=3250 tokens=3328000 loss=1.021359 lr=4.084e-05
2026-06-05 01:23:43 [INFO] kd-trainer: step=3260 tokens=3338240 loss=0.779218 lr=4.079e-05
2026-06-05 01:24:30 [INFO] kd-trainer: step=3270 tokens=3348480 loss=0.904328 lr=4.074e-05
2026-06-05 01:25:17 [INFO] kd-trainer: step=3280 tokens=3358720 loss=0.811205 lr=4.064e-05
2026-06-05 01:26:04 [INFO] kd-trainer: step=3290 tokens=3368960 loss=1.068648 lr=4.059e-05
2026-06-05 01:26:51 [INFO] kd-trainer: step=3300 tokens=3379200 loss=0.164582 lr=4.054e-05
2026-06-05 01:27:38 [INFO] kd-trainer: step=3310 tokens=3389440 loss=0.476309 lr=4.049e-05
2026-06-05 01:28:25 [INFO] kd-trainer: step=3320 tokens=3399680 loss=0.914500 lr=4.039e-05
2026-06-05 01:29:12 [INFO] kd-trainer: step=3330 tokens=3409920 loss=0.707094 lr=4.034e-05
2026-06-05 01:29:58 [INFO] kd-trainer: step=3340 tokens=3420160 loss=0.599068 lr=4.029e-05
2026-06-05 01:30:45 [INFO] kd-trainer: step=3350 tokens=3430400 loss=0.803077 lr=4.024e-05
2026-06-05 01:31:32 [INFO] kd-trainer: step=3360 tokens=3440640 loss=1.109670 lr=4.014e-05
2026-06-05 01:32:19 [INFO] kd-trainer: step=3370 tokens=3450880 loss=0.849798 lr=4.009e-05
2026-06-05 01:33:06 [INFO] kd-trainer: step=3380 tokens=3461120 loss=0.994616 lr=4.004e-05
2026-06-05 01:33:53 [INFO] kd-trainer: step=3390 tokens=3471360 loss=0.756492 lr=3.999e-05
2026-06-05 01:34:40 [INFO] kd-trainer: step=3400 tokens=3481600 loss=0.686224 lr=3.989e-05
2026-06-05 01:35:27 [INFO] kd-trainer: step=3410 tokens=3491840 loss=0.511376 lr=3.984e-05
2026-06-05 01:36:14 [INFO] kd-trainer: step=3420 tokens=3502080 loss=0.273051 lr=3.979e-05
2026-06-05 01:37:00 [INFO] kd-trainer: step=3430 tokens=3512320 loss=0.569401 lr=3.974e-05
2026-06-05 01:37:47 [INFO] kd-trainer: step=3440 tokens=3522560 loss=0.973075 lr=3.963e-05
2026-06-05 01:38:34 [INFO] kd-trainer: step=3450 tokens=3532800 loss=0.021249 lr=3.958e-05
2026-06-05 01:39:21 [INFO] kd-trainer: step=3460 tokens=3543040 loss=1.229096 lr=3.953e-05
2026-06-05 01:40:08 [INFO] kd-trainer: step=3470 tokens=3553280 loss=0.902368 lr=3.948e-05
2026-06-05 01:40:55 [INFO] kd-trainer: step=3480 tokens=3563520 loss=0.292299 lr=3.938e-05
2026-06-05 01:41:42 [INFO] kd-trainer: step=3490 tokens=3573760 loss=0.587601 lr=3.932e-05
2026-06-05 01:42:29 [INFO] kd-trainer: step=3500 tokens=3584000 loss=0.521765 lr=3.927e-05
2026-06-05 01:43:15 [INFO] kd-trainer: step=3510 tokens=3594240 loss=0.428166 lr=3.922e-05
2026-06-05 01:44:02 [INFO] kd-trainer: step=3520 tokens=3604480 loss=0.985626 lr=3.912e-05
2026-06-05 01:44:49 [INFO] kd-trainer: step=3530 tokens=3614720 loss=1.379429 lr=3.906e-05
2026-06-05 01:45:36 [INFO] kd-trainer: step=3540 tokens=3624960 loss=0.493131 lr=3.901e-05
2026-06-05 01:46:23 [INFO] kd-trainer: step=3550 tokens=3635200 loss=0.444311 lr=3.896e-05
2026-06-05 01:47:10 [INFO] kd-trainer: step=3560 tokens=3645440 loss=0.442804 lr=3.886e-05
2026-06-05 01:47:57 [INFO] kd-trainer: step=3570 tokens=3655680 loss=0.494324 lr=3.880e-05
2026-06-05 01:48:44 [INFO] kd-trainer: step=3580 tokens=3665920 loss=0.938692 lr=3.875e-05
2026-06-05 01:49:31 [INFO] kd-trainer: step=3590 tokens=3676160 loss=0.913374 lr=3.870e-05
2026-06-05 01:50:18 [INFO] kd-trainer: step=3600 tokens=3686400 loss=0.914055 lr=3.859e-05
2026-06-05 01:51:05 [INFO] kd-trainer: step=3610 tokens=3696640 loss=0.942174 lr=3.854e-05
2026-06-05 01:51:51 [INFO] kd-trainer: step=3620 tokens=3706880 loss=0.737950 lr=3.849e-05
2026-06-05 01:52:38 [INFO] kd-trainer: step=3630 tokens=3717120 loss=1.368653 lr=3.843e-05
2026-06-05 01:53:25 [INFO] kd-trainer: step=3640 tokens=3727360 loss=0.948866 lr=3.833e-05
2026-06-05 01:54:12 [INFO] kd-trainer: step=3650 tokens=3737600 loss=0.804126 lr=3.827e-05
2026-06-05 01:54:59 [INFO] kd-trainer: step=3660 tokens=3747840 loss=0.719067 lr=3.822e-05
2026-06-05 01:55:46 [INFO] kd-trainer: step=3670 tokens=3758080 loss=0.405349 lr=3.817e-05
2026-06-05 01:56:33 [INFO] kd-trainer: step=3680 tokens=3768320 loss=0.289299 lr=3.806e-05
2026-06-05 01:57:20 [INFO] kd-trainer: step=3690 tokens=3778560 loss=0.445968 lr=3.800e-05
2026-06-05 01:58:06 [INFO] kd-trainer: step=3700 tokens=3788800 loss=1.806812 lr=3.795e-05
2026-06-05 01:58:53 [INFO] kd-trainer: step=3710 tokens=3799040 loss=0.434720 lr=3.790e-05
2026-06-05 01:59:40 [INFO] kd-trainer: step=3720 tokens=3809280 loss=0.505009 lr=3.779e-05
2026-06-05 02:00:27 [INFO] kd-trainer: step=3730 tokens=3819520 loss=0.526133 lr=3.773e-05
2026-06-05 02:01:14 [INFO] kd-trainer: step=3740 tokens=3829760 loss=0.326005 lr=3.768e-05
2026-06-05 02:02:01 [INFO] kd-trainer: step=3750 tokens=3840000 loss=0.932092 lr=3.763e-05
2026-06-05 02:02:48 [INFO] kd-trainer: step=3760 tokens=3850240 loss=0.506902 lr=3.752e-05
2026-06-05 02:03:35 [INFO] kd-trainer: step=3770 tokens=3860480 loss=0.399353 lr=3.746e-05
2026-06-05 02:04:21 [INFO] kd-trainer: step=3780 tokens=3870720 loss=0.864582 lr=3.741e-05
2026-06-05 02:05:08 [INFO] kd-trainer: step=3790 tokens=3880960 loss=0.706848 lr=3.735e-05
2026-06-05 02:05:55 [INFO] kd-trainer: step=3800 tokens=3891200 loss=1.210405 lr=3.724e-05
2026-06-05 02:06:42 [INFO] kd-trainer: step=3810 tokens=3901440 loss=0.897834 lr=3.719e-05
2026-06-05 02:07:29 [INFO] kd-trainer: step=3820 tokens=3911680 loss=0.763641 lr=3.713e-05
2026-06-05 02:08:16 [INFO] kd-trainer: step=3830 tokens=3921920 loss=0.793453 lr=3.708e-05
2026-06-05 02:09:03 [INFO] kd-trainer: step=3840 tokens=3932160 loss=0.930465 lr=3.697e-05
2026-06-05 02:09:50 [INFO] kd-trainer: step=3850 tokens=3942400 loss=0.918672 lr=3.691e-05
2026-06-05 02:10:36 [INFO] kd-trainer: step=3860 tokens=3952640 loss=0.290763 lr=3.686e-05
2026-06-05 02:11:23 [INFO] kd-trainer: step=3870 tokens=3962880 loss=0.861678 lr=3.680e-05
2026-06-05 02:12:10 [INFO] kd-trainer: step=3880 tokens=3973120 loss=0.908599 lr=3.669e-05
2026-06-05 02:12:57 [INFO] kd-trainer: step=3890 tokens=3983360 loss=0.840856 lr=3.663e-05
2026-06-05 02:13:44 [INFO] kd-trainer: step=3900 tokens=3993600 loss=0.769251 lr=3.658e-05
2026-06-05 02:14:31 [INFO] kd-trainer: step=3910 tokens=4003840 loss=0.751070 lr=3.652e-05
2026-06-05 02:15:18 [INFO] kd-trainer: step=3920 tokens=4014080 loss=0.992960 lr=3.641e-05
2026-06-05 02:16:05 [INFO] kd-trainer: step=3930 tokens=4024320 loss=0.637288 lr=3.636e-05
2026-06-05 02:16:52 [INFO] kd-trainer: step=3940 tokens=4034560 loss=1.057397 lr=3.630e-05
2026-06-05 02:17:38 [INFO] kd-trainer: step=3950 tokens=4044800 loss=0.561164 lr=3.624e-05
2026-06-05 02:18:25 [INFO] kd-trainer: step=3960 tokens=4055040 loss=0.873901 lr=3.613e-05
2026-06-05 02:19:12 [INFO] kd-trainer: step=3970 tokens=4065280 loss=0.773019 lr=3.608e-05
2026-06-05 02:19:59 [INFO] kd-trainer: step=3980 tokens=4075520 loss=0.310521 lr=3.602e-05
2026-06-05 02:20:46 [INFO] kd-trainer: step=3990 tokens=4085760 loss=0.410774 lr=3.596e-05
2026-06-05 02:21:33 [INFO] kd-trainer: step=4000 tokens=4096000 loss=0.893812 lr=3.585e-05
2026-06-05 02:22:20 [INFO] kd-trainer: step=4010 tokens=4106240 loss=0.831871 lr=3.579e-05
2026-06-05 02:23:07 [INFO] kd-trainer: step=4020 tokens=4116480 loss=0.924057 lr=3.574e-05
2026-06-05 02:23:53 [INFO] kd-trainer: step=4030 tokens=4126720 loss=0.770402 lr=3.568e-05
2026-06-05 02:24:40 [INFO] kd-trainer: step=4040 tokens=4136960 loss=0.221884 lr=3.557e-05
2026-06-05 02:25:27 [INFO] kd-trainer: step=4050 tokens=4147200 loss=0.620865 lr=3.551e-05
2026-06-05 02:26:14 [INFO] kd-trainer: step=4060 tokens=4157440 loss=0.707679 lr=3.545e-05
2026-06-05 02:27:01 [INFO] kd-trainer: step=4070 tokens=4167680 loss=0.532062 lr=3.540e-05
2026-06-05 02:27:48 [INFO] kd-trainer: step=4080 tokens=4177920 loss=0.766034 lr=3.528e-05
2026-06-05 02:28:35 [INFO] kd-trainer: step=4090 tokens=4188160 loss=0.866593 lr=3.522e-05
2026-06-05 02:29:22 [INFO] kd-trainer: step=4100 tokens=4198400 loss=0.808503 lr=3.517e-05
2026-06-05 02:30:08 [INFO] kd-trainer: step=4110 tokens=4208640 loss=0.611667 lr=3.511e-05
2026-06-05 02:30:55 [INFO] kd-trainer: step=4120 tokens=4218880 loss=0.559941 lr=3.499e-05
2026-06-05 02:31:42 [INFO] kd-trainer: step=4130 tokens=4229120 loss=0.330038 lr=3.494e-05
2026-06-05 02:32:29 [INFO] kd-trainer: step=4140 tokens=4239360 loss=1.263865 lr=3.488e-05
2026-06-05 02:33:16 [INFO] kd-trainer: step=4150 tokens=4249600 loss=1.119875 lr=3.482e-05
2026-06-05 02:34:03 [INFO] kd-trainer: step=4160 tokens=4259840 loss=0.915442 lr=3.471e-05
2026-06-05 02:34:50 [INFO] kd-trainer: step=4170 tokens=4270080 loss=0.095526 lr=3.465e-05
2026-06-05 02:35:37 [INFO] kd-trainer: step=4180 tokens=4280320 loss=0.102390 lr=3.459e-05
2026-06-05 02:36:23 [INFO] kd-trainer: step=4190 tokens=4290560 loss=0.173518 lr=3.453e-05
2026-06-05 02:37:10 [INFO] kd-trainer: step=4200 tokens=4300800 loss=0.113527 lr=3.442e-05
2026-06-05 02:37:57 [INFO] kd-trainer: step=4210 tokens=4311040 loss=0.459047 lr=3.436e-05
2026-06-05 02:38:44 [INFO] kd-trainer: step=4220 tokens=4321280 loss=1.072362 lr=3.430e-05
2026-06-05 02:39:31 [INFO] kd-trainer: step=4230 tokens=4331520 loss=0.760759 lr=3.424e-05
2026-06-05 02:40:18 [INFO] kd-trainer: step=4240 tokens=4341760 loss=1.458534 lr=3.413e-05
2026-06-05 02:41:05 [INFO] kd-trainer: step=4250 tokens=4352000 loss=0.938658 lr=3.407e-05
2026-06-05 02:41:52 [INFO] kd-trainer: step=4260 tokens=4362240 loss=0.514846 lr=3.401e-05
2026-06-05 02:42:38 [INFO] kd-trainer: step=4270 tokens=4372480 loss=0.800715 lr=3.395e-05
2026-06-05 02:43:25 [INFO] kd-trainer: step=4280 tokens=4382720 loss=0.552190 lr=3.384e-05
2026-06-05 02:44:12 [INFO] kd-trainer: step=4290 tokens=4392960 loss=0.639981 lr=3.378e-05
2026-06-05 02:44:59 [INFO] kd-trainer: step=4300 tokens=4403200 loss=0.936141 lr=3.372e-05
2026-06-05 02:45:46 [INFO] kd-trainer: step=4310 tokens=4413440 loss=0.459249 lr=3.366e-05
2026-06-05 02:46:33 [INFO] kd-trainer: step=4320 tokens=4423680 loss=0.311971 lr=3.354e-05
2026-06-05 02:47:20 [INFO] kd-trainer: step=4330 tokens=4433920 loss=0.250211 lr=3.348e-05
2026-06-05 02:48:07 [INFO] kd-trainer: step=4340 tokens=4444160 loss=0.279586 lr=3.343e-05
2026-06-05 02:48:54 [INFO] kd-trainer: step=4350 tokens=4454400 loss=0.239888 lr=3.337e-05
2026-06-05 02:49:40 [INFO] kd-trainer: step=4360 tokens=4464640 loss=0.286172 lr=3.325e-05
2026-06-05 02:50:27 [INFO] kd-trainer: step=4370 tokens=4474880 loss=0.294293 lr=3.319e-05
2026-06-05 02:51:14 [INFO] kd-trainer: step=4380 tokens=4485120 loss=0.994449 lr=3.313e-05
2026-06-05 02:52:01 [INFO] kd-trainer: step=4390 tokens=4495360 loss=0.548572 lr=3.307e-05
2026-06-05 02:52:48 [INFO] kd-trainer: step=4400 tokens=4505600 loss=0.930001 lr=3.296e-05
2026-06-05 02:53:35 [INFO] kd-trainer: step=4410 tokens=4515840 loss=0.874097 lr=3.290e-05
2026-06-05 02:54:22 [INFO] kd-trainer: step=4420 tokens=4526080 loss=0.292207 lr=3.284e-05
2026-06-05 02:55:09 [INFO] kd-trainer: step=4430 tokens=4536320 loss=0.509257 lr=3.278e-05
2026-06-05 02:55:56 [INFO] kd-trainer: step=4440 tokens=4546560 loss=1.080934 lr=3.266e-05
2026-06-05 02:56:42 [INFO] kd-trainer: step=4450 tokens=4556800 loss=0.401801 lr=3.260e-05
2026-06-05 02:57:29 [INFO] kd-trainer: step=4460 tokens=4567040 loss=0.343474 lr=3.254e-05
2026-06-05 02:58:16 [INFO] kd-trainer: step=4470 tokens=4577280 loss=0.941542 lr=3.248e-05
2026-06-05 02:59:03 [INFO] kd-trainer: step=4480 tokens=4587520 loss=0.951145 lr=3.236e-05
2026-06-05 02:59:50 [INFO] kd-trainer: step=4490 tokens=4597760 loss=0.775107 lr=3.230e-05
2026-06-05 03:00:37 [INFO] kd-trainer: step=4500 tokens=4608000 loss=0.577675 lr=3.224e-05
2026-06-05 03:01:24 [INFO] kd-trainer: step=4510 tokens=4618240 loss=0.615812 lr=3.218e-05
2026-06-05 03:02:11 [INFO] kd-trainer: step=4520 tokens=4628480 loss=0.783409 lr=3.206e-05
2026-06-05 03:02:57 [INFO] kd-trainer: step=4530 tokens=4638720 loss=0.934697 lr=3.201e-05
2026-06-05 03:03:44 [INFO] kd-trainer: step=4540 tokens=4648960 loss=0.966772 lr=3.195e-05
2026-06-05 03:04:31 [INFO] kd-trainer: step=4550 tokens=4659200 loss=1.029773 lr=3.189e-05
2026-06-05 03:05:18 [INFO] kd-trainer: step=4560 tokens=4669440 loss=1.017089 lr=3.177e-05
2026-06-05 03:06:05 [INFO] kd-trainer: step=4570 tokens=4679680 loss=0.926843 lr=3.171e-05
2026-06-05 03:06:52 [INFO] kd-trainer: step=4580 tokens=4689920 loss=0.474583 lr=3.165e-05
2026-06-05 03:07:39 [INFO] kd-trainer: step=4590 tokens=4700160 loss=0.612956 lr=3.159e-05
2026-06-05 03:08:26 [INFO] kd-trainer: step=4600 tokens=4710400 loss=0.900158 lr=3.147e-05
2026-06-05 03:09:12 [INFO] kd-trainer: step=4610 tokens=4720640 loss=0.902533 lr=3.141e-05
2026-06-05 03:09:59 [INFO] kd-trainer: step=4620 tokens=4730880 loss=1.185093 lr=3.135e-05
2026-06-05 03:10:46 [INFO] kd-trainer: step=4630 tokens=4741120 loss=0.731751 lr=3.129e-05
2026-06-05 03:11:33 [INFO] kd-trainer: step=4640 tokens=4751360 loss=0.888005 lr=3.117e-05
2026-06-05 03:12:20 [INFO] kd-trainer: step=4650 tokens=4761600 loss=0.536186 lr=3.111e-05
2026-06-05 03:13:07 [INFO] kd-trainer: step=4660 tokens=4771840 loss=0.311218 lr=3.105e-05
2026-06-05 03:13:54 [INFO] kd-trainer: step=4670 tokens=4782080 loss=0.536180 lr=3.099e-05
2026-06-05 03:14:41 [INFO] kd-trainer: step=4680 tokens=4792320 loss=0.511258 lr=3.087e-05
2026-06-05 03:15:28 [INFO] kd-trainer: step=4690 tokens=4802560 loss=1.122063 lr=3.081e-05
2026-06-05 03:16:14 [INFO] kd-trainer: step=4700 tokens=4812800 loss=0.573970 lr=3.075e-05
2026-06-05 03:17:01 [INFO] kd-trainer: step=4710 tokens=4823040 loss=0.823170 lr=3.069e-05
2026-06-05 03:17:48 [INFO] kd-trainer: step=4720 tokens=4833280 loss=1.056972 lr=3.057e-05
2026-06-05 03:18:35 [INFO] kd-trainer: step=4730 tokens=4843520 loss=0.833892 lr=3.050e-05
2026-06-05 03:19:22 [INFO] kd-trainer: step=4740 tokens=4853760 loss=0.811801 lr=3.044e-05
2026-06-05 03:20:09 [INFO] kd-trainer: step=4750 tokens=4864000 loss=0.758003 lr=3.038e-05
2026-06-05 03:20:56 [INFO] kd-trainer: step=4760 tokens=4874240 loss=0.488282 lr=3.026e-05
2026-06-05 03:21:43 [INFO] kd-trainer: step=4770 tokens=4884480 loss=0.477920 lr=3.020e-05
2026-06-05 03:22:29 [INFO] kd-trainer: step=4780 tokens=4894720 loss=1.067720 lr=3.014e-05
2026-06-05 03:23:16 [INFO] kd-trainer: step=4790 tokens=4904960 loss=0.178161 lr=3.008e-05
2026-06-05 03:24:03 [INFO] kd-trainer: step=4800 tokens=4915200 loss=0.970145 lr=2.996e-05
2026-06-05 03:24:50 [INFO] kd-trainer: step=4810 tokens=4925440 loss=0.761685 lr=2.990e-05
2026-06-05 03:25:37 [INFO] kd-trainer: step=4820 tokens=4935680 loss=0.800160 lr=2.984e-05
2026-06-05 03:26:24 [INFO] kd-trainer: step=4830 tokens=4945920 loss=0.613077 lr=2.978e-05
2026-06-05 03:27:11 [INFO] kd-trainer: step=4840 tokens=4956160 loss=0.884284 lr=2.966e-05
2026-06-05 03:27:58 [INFO] kd-trainer: step=4850 tokens=4966400 loss=0.822077 lr=2.960e-05
2026-06-05 03:28:45 [INFO] kd-trainer: step=4860 tokens=4976640 loss=0.270067 lr=2.954e-05
2026-06-05 03:29:31 [INFO] kd-trainer: step=4870 tokens=4986880 loss=0.506968 lr=2.948e-05
2026-06-05 03:30:18 [INFO] kd-trainer: step=4880 tokens=4997120 loss=0.415921 lr=2.935e-05
2026-06-05 03:31:05 [INFO] kd-trainer: step=4890 tokens=5007360 loss=0.400986 lr=2.929e-05
2026-06-05 03:31:52 [INFO] kd-trainer: step=4900 tokens=5017600 loss=0.926476 lr=2.923e-05
2026-06-05 03:32:39 [INFO] kd-trainer: step=4910 tokens=5027840 loss=0.791611 lr=2.917e-05
2026-06-05 03:33:26 [INFO] kd-trainer: step=4920 tokens=5038080 loss=0.969330 lr=2.905e-05
2026-06-05 03:34:13 [INFO] kd-trainer: step=4930 tokens=5048320 loss=0.789571 lr=2.899e-05
2026-06-05 03:34:59 [INFO] kd-trainer: step=4940 tokens=5058560 loss=0.294020 lr=2.893e-05
2026-06-05 03:35:46 [INFO] kd-trainer: step=4950 tokens=5068800 loss=0.875304 lr=2.887e-05
2026-06-05 03:36:33 [INFO] kd-trainer: step=4960 tokens=5079040 loss=0.419266 lr=2.875e-05
2026-06-05 03:37:20 [INFO] kd-trainer: step=4970 tokens=5089280 loss=0.255842 lr=2.869e-05
2026-06-05 03:38:07 [INFO] kd-trainer: step=4980 tokens=5099520 loss=0.080930 lr=2.863e-05
2026-06-05 03:38:54 [INFO] kd-trainer: step=4990 tokens=5109760 loss=1.078369 lr=2.857e-05
2026-06-05 03:39:41 [INFO] kd-trainer: step=5000 tokens=5120000 loss=0.665553 lr=2.844e-05
2026-06-05 03:40:28 [INFO] kd-trainer: step=5010 tokens=5130240 loss=0.578528 lr=2.838e-05
2026-06-05 03:41:14 [INFO] kd-trainer: step=5020 tokens=5140480 loss=0.876433 lr=2.832e-05
2026-06-05 03:42:01 [INFO] kd-trainer: step=5030 tokens=5150720 loss=0.781108 lr=2.826e-05
2026-06-05 03:42:48 [INFO] kd-trainer: step=5040 tokens=5160960 loss=0.739801 lr=2.814e-05
2026-06-05 03:43:35 [INFO] kd-trainer: step=5050 tokens=5171200 loss=0.572507 lr=2.808e-05
2026-06-05 03:44:22 [INFO] kd-trainer: step=5060 tokens=5181440 loss=0.924095 lr=2.802e-05
2026-06-05 03:45:09 [INFO] kd-trainer: step=5070 tokens=5191680 loss=0.906036 lr=2.796e-05
2026-06-05 03:45:56 [INFO] kd-trainer: step=5080 tokens=5201920 loss=0.239312 lr=2.783e-05
2026-06-05 03:46:43 [INFO] kd-trainer: step=5090 tokens=5212160 loss=1.150594 lr=2.777e-05
2026-06-05 03:47:29 [INFO] kd-trainer: step=5100 tokens=5222400 loss=0.339114 lr=2.771e-05
2026-06-05 03:48:16 [INFO] kd-trainer: step=5110 tokens=5232640 loss=0.846160 lr=2.765e-05
2026-06-05 03:49:03 [INFO] kd-trainer: step=5120 tokens=5242880 loss=0.957971 lr=2.753e-05
2026-06-05 03:49:50 [INFO] kd-trainer: step=5130 tokens=5253120 loss=0.699642 lr=2.747e-05
2026-06-05 03:50:37 [INFO] kd-trainer: step=5140 tokens=5263360 loss=0.697966 lr=2.741e-05
2026-06-05 03:51:24 [INFO] kd-trainer: step=5150 tokens=5273600 loss=0.646189 lr=2.735e-05
2026-06-05 03:52:11 [INFO] kd-trainer: step=5160 tokens=5283840 loss=0.296717 lr=2.723e-05
2026-06-05 03:52:58 [INFO] kd-trainer: step=5170 tokens=5294080 loss=1.027701 lr=2.717e-05
2026-06-05 03:53:44 [INFO] kd-trainer: step=5180 tokens=5304320 loss=0.788107 lr=2.710e-05
2026-06-05 03:54:31 [INFO] kd-trainer: step=5190 tokens=5314560 loss=0.839892 lr=2.704e-05
2026-06-05 03:55:18 [INFO] kd-trainer: step=5200 tokens=5324800 loss=1.133402 lr=2.692e-05
2026-06-05 03:56:05 [INFO] kd-trainer: step=5210 tokens=5335040 loss=0.833178 lr=2.686e-05
2026-06-05 03:56:52 [INFO] kd-trainer: step=5220 tokens=5345280 loss=0.150524 lr=2.680e-05
2026-06-05 03:57:39 [INFO] kd-trainer: step=5230 tokens=5355520 loss=1.271891 lr=2.674e-05
2026-06-05 03:58:26 [INFO] kd-trainer: step=5240 tokens=5365760 loss=0.451965 lr=2.662e-05
2026-06-05 03:59:13 [INFO] kd-trainer: step=5250 tokens=5376000 loss=0.864896 lr=2.656e-05
2026-06-05 03:59:59 [INFO] kd-trainer: step=5260 tokens=5386240 loss=0.752519 lr=2.650e-05
2026-06-05 04:00:46 [INFO] kd-trainer: step=5270 tokens=5396480 loss=0.819506 lr=2.643e-05
2026-06-05 04:01:33 [INFO] kd-trainer: step=5280 tokens=5406720 loss=0.702226 lr=2.631e-05
2026-06-05 04:02:20 [INFO] kd-trainer: step=5290 tokens=5416960 loss=0.386487 lr=2.625e-05
2026-06-05 04:03:07 [INFO] kd-trainer: step=5300 tokens=5427200 loss=0.201486 lr=2.619e-05
2026-06-05 04:03:54 [INFO] kd-trainer: step=5310 tokens=5437440 loss=0.721881 lr=2.613e-05
2026-06-05 04:04:41 [INFO] kd-trainer: step=5320 tokens=5447680 loss=0.971205 lr=2.601e-05
2026-06-05 04:05:28 [INFO] kd-trainer: step=5330 tokens=5457920 loss=0.972123 lr=2.595e-05
2026-06-05 04:06:15 [INFO] kd-trainer: step=5340 tokens=5468160 loss=0.338721 lr=2.589e-05
2026-06-05 04:07:01 [INFO] kd-trainer: step=5350 tokens=5478400 loss=0.498737 lr=2.583e-05
2026-06-05 04:07:48 [INFO] kd-trainer: step=5360 tokens=5488640 loss=1.098794 lr=2.571e-05
2026-06-05 04:08:35 [INFO] kd-trainer: step=5370 tokens=5498880 loss=0.627254 lr=2.565e-05
2026-06-05 04:09:22 [INFO] kd-trainer: step=5380 tokens=5509120 loss=0.744957 lr=2.558e-05
2026-06-05 04:10:09 [INFO] kd-trainer: step=5390 tokens=5519360 loss=0.960660 lr=2.552e-05
2026-06-05 04:10:56 [INFO] kd-trainer: step=5400 tokens=5529600 loss=1.021048 lr=2.540e-05
2026-06-05 04:11:43 [INFO] kd-trainer: step=5410 tokens=5539840 loss=0.958883 lr=2.534e-05
2026-06-05 04:12:30 [INFO] kd-trainer: step=5420 tokens=5550080 loss=0.732304 lr=2.528e-05
2026-06-05 04:13:16 [INFO] kd-trainer: step=5430 tokens=5560320 loss=0.721133 lr=2.522e-05
2026-06-05 04:14:03 [INFO] kd-trainer: step=5440 tokens=5570560 loss=0.825800 lr=2.510e-05
2026-06-05 04:14:50 [INFO] kd-trainer: step=5450 tokens=5580800 loss=0.351582 lr=2.504e-05
2026-06-05 04:15:37 [INFO] kd-trainer: step=5460 tokens=5591040 loss=0.301719 lr=2.498e-05
2026-06-05 04:16:24 [INFO] kd-trainer: step=5470 tokens=5601280 loss=0.292186 lr=2.492e-05
2026-06-05 04:17:11 [INFO] kd-trainer: step=5480 tokens=5611520 loss=0.838319 lr=2.480e-05
2026-06-05 04:17:58 [INFO] kd-trainer: step=5490 tokens=5621760 loss=0.378510 lr=2.474e-05
2026-06-05 04:18:45 [INFO] kd-trainer: step=5500 tokens=5632000 loss=0.721286 lr=2.468e-05
2026-06-05 04:19:31 [INFO] kd-trainer: step=5510 tokens=5642240 loss=0.706377 lr=2.462e-05
2026-06-05 04:20:18 [INFO] kd-trainer: step=5520 tokens=5652480 loss=0.833143 lr=2.450e-05
2026-06-05 04:21:05 [INFO] kd-trainer: step=5530 tokens=5662720 loss=0.626839 lr=2.443e-05
2026-06-05 04:21:52 [INFO] kd-trainer: step=5540 tokens=5672960 loss=0.408686 lr=2.437e-05
2026-06-05 04:22:39 [INFO] kd-trainer: step=5550 tokens=5683200 loss=0.300806 lr=2.431e-05
2026-06-05 04:23:26 [INFO] kd-trainer: step=5560 tokens=5693440 loss=0.402865 lr=2.419e-05
2026-06-05 04:24:13 [INFO] kd-trainer: step=5570 tokens=5703680 loss=0.680371 lr=2.413e-05
2026-06-05 04:25:00 [INFO] kd-trainer: step=5580 tokens=5713920 loss=1.046975 lr=2.407e-05
2026-06-05 04:25:47 [INFO] kd-trainer: step=5590 tokens=5724160 loss=0.207537 lr=2.401e-05
2026-06-05 04:26:33 [INFO] kd-trainer: step=5600 tokens=5734400 loss=0.345785 lr=2.389e-05
2026-06-05 04:27:20 [INFO] kd-trainer: step=5610 tokens=5744640 loss=0.300150 lr=2.383e-05
2026-06-05 04:28:07 [INFO] kd-trainer: step=5620 tokens=5754880 loss=1.183354 lr=2.377e-05
2026-06-05 04:28:54 [INFO] kd-trainer: step=5630 tokens=5765120 loss=0.825567 lr=2.371e-05
2026-06-05 04:29:41 [INFO] kd-trainer: step=5640 tokens=5775360 loss=0.942680 lr=2.359e-05
2026-06-05 04:30:28 [INFO] kd-trainer: step=5650 tokens=5785600 loss=0.901873 lr=2.353e-05
2026-06-05 04:31:15 [INFO] kd-trainer: step=5660 tokens=5795840 loss=1.026566 lr=2.347e-05
2026-06-05 04:32:02 [INFO] kd-trainer: step=5670 tokens=5806080 loss=0.741495 lr=2.341e-05
2026-06-05 04:32:49 [INFO] kd-trainer: step=5680 tokens=5816320 loss=0.200012 lr=2.329e-05
2026-06-05 04:33:35 [INFO] kd-trainer: step=5690 tokens=5826560 loss=0.975380 lr=2.323e-05
2026-06-05 04:34:22 [INFO] kd-trainer: step=5700 tokens=5836800 loss=0.457312 lr=2.317e-05
2026-06-05 04:35:09 [INFO] kd-trainer: step=5710 tokens=5847040 loss=0.569559 lr=2.311e-05
2026-06-05 04:35:56 [INFO] kd-trainer: step=5720 tokens=5857280 loss=0.569271 lr=2.299e-05
2026-06-05 04:36:43 [INFO] kd-trainer: step=5730 tokens=5867520 loss=0.317318 lr=2.294e-05
2026-06-05 04:37:30 [INFO] kd-trainer: step=5740 tokens=5877760 loss=1.096083 lr=2.288e-05
2026-06-05 04:38:17 [INFO] kd-trainer: step=5750 tokens=5888000 loss=0.695591 lr=2.282e-05
2026-06-05 04:39:04 [INFO] kd-trainer: step=5760 tokens=5898240 loss=0.939408 lr=2.270e-05
2026-06-05 04:39:50 [INFO] kd-trainer: step=5770 tokens=5908480 loss=0.168542 lr=2.264e-05
2026-06-05 04:40:37 [INFO] kd-trainer: step=5780 tokens=5918720 loss=0.979251 lr=2.258e-05
2026-06-05 04:41:24 [INFO] kd-trainer: step=5790 tokens=5928960 loss=1.021457 lr=2.252e-05
2026-06-05 04:42:11 [INFO] kd-trainer: step=5800 tokens=5939200 loss=0.411950 lr=2.240e-05
2026-06-05 04:42:58 [INFO] kd-trainer: step=5810 tokens=5949440 loss=0.647803 lr=2.234e-05
2026-06-05 04:43:45 [INFO] kd-trainer: step=5820 tokens=5959680 loss=1.472754 lr=2.228e-05
2026-06-05 04:44:32 [INFO] kd-trainer: step=5830 tokens=5969920 loss=0.143830 lr=2.222e-05
2026-06-05 04:45:19 [INFO] kd-trainer: step=5840 tokens=5980160 loss=0.391924 lr=2.210e-05
2026-06-05 04:46:06 [INFO] kd-trainer: step=5850 tokens=5990400 loss=0.528225 lr=2.204e-05
2026-06-05 04:46:52 [INFO] kd-trainer: step=5860 tokens=6000640 loss=0.441660 lr=2.199e-05
2026-06-05 04:47:39 [INFO] kd-trainer: step=5870 tokens=6010880 loss=0.206565 lr=2.193e-05
2026-06-05 04:48:26 [INFO] kd-trainer: step=5880 tokens=6021120 loss=0.283318 lr=2.181e-05
2026-06-05 04:49:13 [INFO] kd-trainer: step=5890 tokens=6031360 loss=0.397067 lr=2.175e-05
2026-06-05 04:50:00 [INFO] kd-trainer: step=5900 tokens=6041600 loss=1.170051 lr=2.169e-05
2026-06-05 04:50:47 [INFO] kd-trainer: step=5910 tokens=6051840 loss=0.269651 lr=2.163e-05
2026-06-05 04:51:34 [INFO] kd-trainer: step=5920 tokens=6062080 loss=1.222340 lr=2.152e-05
2026-06-05 04:52:21 [INFO] kd-trainer: step=5930 tokens=6072320 loss=0.131795 lr=2.146e-05
2026-06-05 04:53:07 [INFO] kd-trainer: step=5940 tokens=6082560 loss=0.440407 lr=2.140e-05
2026-06-05 04:53:54 [INFO] kd-trainer: step=5950 tokens=6092800 loss=0.679913 lr=2.134e-05
2026-06-05 04:54:41 [INFO] kd-trainer: step=5960 tokens=6103040 loss=0.933707 lr=2.122e-05
2026-06-05 04:55:28 [INFO] kd-trainer: step=5970 tokens=6113280 loss=0.871828 lr=2.116e-05
2026-06-05 04:56:15 [INFO] kd-trainer: step=5980 tokens=6123520 loss=0.919854 lr=2.111e-05
2026-06-05 04:57:02 [INFO] kd-trainer: step=5990 tokens=6133760 loss=0.977167 lr=2.105e-05
2026-06-05 04:57:49 [INFO] kd-trainer: step=6000 tokens=6144000 loss=0.711037 lr=2.093e-05
2026-06-05 04:58:36 [INFO] kd-trainer: step=6010 tokens=6154240 loss=0.872037 lr=2.087e-05
2026-06-05 04:59:22 [INFO] kd-trainer: step=6020 tokens=6164480 loss=0.709396 lr=2.081e-05
2026-06-05 05:00:09 [INFO] kd-trainer: step=6030 tokens=6174720 loss=1.111910 lr=2.076e-05
2026-06-05 05:00:56 [INFO] kd-trainer: step=6040 tokens=6184960 loss=0.828910 lr=2.064e-05
2026-06-05 05:01:43 [INFO] kd-trainer: step=6050 tokens=6195200 loss=1.077739 lr=2.058e-05
2026-06-05 05:02:30 [INFO] kd-trainer: step=6060 tokens=6205440 loss=0.816222 lr=2.052e-05
2026-06-05 05:03:17 [INFO] kd-trainer: step=6070 tokens=6215680 loss=0.135197 lr=2.047e-05
2026-06-05 05:04:04 [INFO] kd-trainer: step=6080 tokens=6225920 loss=0.310797 lr=2.035e-05
2026-06-05 05:04:51 [INFO] kd-trainer: step=6090 tokens=6236160 loss=0.535215 lr=2.029e-05
2026-06-05 05:05:38 [INFO] kd-trainer: step=6100 tokens=6246400 loss=0.232558 lr=2.024e-05
2026-06-05 05:06:24 [INFO] kd-trainer: step=6110 tokens=6256640 loss=0.273059 lr=2.018e-05
2026-06-05 05:07:11 [INFO] kd-trainer: step=6120 tokens=6266880 loss=0.124737 lr=2.006e-05
2026-06-05 05:07:58 [INFO] kd-trainer: step=6130 tokens=6277120 loss=1.112981 lr=2.001e-05
2026-06-05 05:08:45 [INFO] kd-trainer: step=6140 tokens=6287360 loss=0.956698 lr=1.995e-05
2026-06-05 05:09:32 [INFO] kd-trainer: step=6150 tokens=6297600 loss=0.475623 lr=1.989e-05
2026-06-05 05:10:19 [INFO] kd-trainer: step=6160 tokens=6307840 loss=1.245637 lr=1.978e-05
2026-06-05 05:11:06 [INFO] kd-trainer: step=6170 tokens=6318080 loss=0.675898 lr=1.972e-05
2026-06-05 05:11:53 [INFO] kd-trainer: step=6180 tokens=6328320 loss=1.141665 lr=1.966e-05
2026-06-05 05:12:39 [INFO] kd-trainer: step=6190 tokens=6338560 loss=0.343618 lr=1.960e-05
2026-06-05 05:13:26 [INFO] kd-trainer: step=6200 tokens=6348800 loss=0.924052 lr=1.949e-05
2026-06-05 05:14:13 [INFO] kd-trainer: step=6210 tokens=6359040 loss=0.981716 lr=1.943e-05
2026-06-05 05:15:00 [INFO] kd-trainer: step=6220 tokens=6369280 loss=0.924167 lr=1.938e-05
2026-06-05 05:15:47 [INFO] kd-trainer: step=6230 tokens=6379520 loss=0.290991 lr=1.932e-05
2026-06-05 05:16:34 [INFO] kd-trainer: step=6240 tokens=6389760 loss=0.771384 lr=1.921e-05
2026-06-05 05:17:21 [INFO] kd-trainer: step=6250 tokens=6400000 loss=0.326778 lr=1.915e-05
2026-06-05 05:18:08 [INFO] kd-trainer: step=6260 tokens=6410240 loss=0.463164 lr=1.909e-05
2026-06-05 05:18:54 [INFO] kd-trainer: step=6270 tokens=6420480 loss=0.053832 lr=1.904e-05
2026-06-05 05:19:41 [INFO] kd-trainer: step=6280 tokens=6430720 loss=0.758231 lr=1.892e-05
2026-06-05 05:20:28 [INFO] kd-trainer: step=6290 tokens=6440960 loss=0.334196 lr=1.887e-05
2026-06-05 05:21:15 [INFO] kd-trainer: step=6300 tokens=6451200 loss=1.279963 lr=1.881e-05
2026-06-05 05:22:02 [INFO] kd-trainer: step=6310 tokens=6461440 loss=0.879390 lr=1.876e-05
2026-06-05 05:22:49 [INFO] kd-trainer: step=6320 tokens=6471680 loss=0.947185 lr=1.864e-05
2026-06-05 05:23:36 [INFO] kd-trainer: step=6330 tokens=6481920 loss=1.128756 lr=1.859e-05
2026-06-05 05:24:23 [INFO] kd-trainer: step=6340 tokens=6492160 loss=0.343499 lr=1.853e-05
2026-06-05 05:25:10 [INFO] kd-trainer: step=6350 tokens=6502400 loss=0.765296 lr=1.848e-05
2026-06-05 05:25:56 [INFO] kd-trainer: step=6360 tokens=6512640 loss=0.891449 lr=1.837e-05
2026-06-05 05:26:43 [INFO] kd-trainer: step=6370 tokens=6522880 loss=0.339575 lr=1.831e-05
2026-06-05 05:27:30 [INFO] kd-trainer: step=6380 tokens=6533120 loss=0.849754 lr=1.825e-05
2026-06-05 05:28:17 [INFO] kd-trainer: step=6390 tokens=6543360 loss=0.830245 lr=1.820e-05
2026-06-05 05:29:04 [INFO] kd-trainer: step=6400 tokens=6553600 loss=0.593578 lr=1.809e-05
2026-06-05 05:29:51 [INFO] kd-trainer: step=6410 tokens=6563840 loss=0.811476 lr=1.803e-05
2026-06-05 05:30:38 [INFO] kd-trainer: step=6420 tokens=6574080 loss=1.008632 lr=1.798e-05
2026-06-05 05:31:25 [INFO] kd-trainer: step=6430 tokens=6584320 loss=0.837838 lr=1.792e-05
2026-06-05 05:32:12 [INFO] kd-trainer: step=6440 tokens=6594560 loss=0.586648 lr=1.781e-05
2026-06-05 05:32:58 [INFO] kd-trainer: step=6450 tokens=6604800 loss=0.855286 lr=1.776e-05
2026-06-05 05:33:45 [INFO] kd-trainer: step=6460 tokens=6615040 loss=0.255705 lr=1.770e-05
2026-06-05 05:34:32 [INFO] kd-trainer: step=6470 tokens=6625280 loss=1.435151 lr=1.765e-05
2026-06-05 05:35:19 [INFO] kd-trainer: step=6480 tokens=6635520 loss=0.676997 lr=1.754e-05
2026-06-05 05:36:06 [INFO] kd-trainer: step=6490 tokens=6645760 loss=1.213452 lr=1.748e-05
2026-06-05 05:36:53 [INFO] kd-trainer: step=6500 tokens=6656000 loss=0.994152 lr=1.743e-05
2026-06-05 05:37:40 [INFO] kd-trainer: step=6510 tokens=6666240 loss=0.651222 lr=1.737e-05
2026-06-05 05:38:27 [INFO] kd-trainer: step=6520 tokens=6676480 loss=0.433906 lr=1.727e-05
2026-06-05 05:39:13 [INFO] kd-trainer: step=6530 tokens=6686720 loss=0.979246 lr=1.721e-05
2026-06-05 05:40:00 [INFO] kd-trainer: step=6540 tokens=6696960 loss=0.434981 lr=1.716e-05
2026-06-05 05:40:48 [INFO] kd-trainer: step=6550 tokens=6707200 loss=1.411347 lr=1.710e-05
2026-06-05 05:41:35 [INFO] kd-trainer: step=6560 tokens=6717440 loss=0.105528 lr=1.700e-05
2026-06-05 05:42:21 [INFO] kd-trainer: step=6570 tokens=6727680 loss=0.105907 lr=1.694e-05
2026-06-05 05:43:08 [INFO] kd-trainer: step=6580 tokens=6737920 loss=0.988713 lr=1.689e-05
2026-06-05 05:43:55 [INFO] kd-trainer: step=6590 tokens=6748160 loss=0.921891 lr=1.683e-05
2026-06-05 05:44:42 [INFO] kd-trainer: step=6600 tokens=6758400 loss=1.042287 lr=1.673e-05
2026-06-05 05:45:29 [INFO] kd-trainer: step=6610 tokens=6768640 loss=0.422738 lr=1.667e-05
2026-06-05 05:46:16 [INFO] kd-trainer: step=6620 tokens=6778880 loss=0.417093 lr=1.662e-05
2026-06-05 05:47:03 [INFO] kd-trainer: step=6630 tokens=6789120 loss=1.039670 lr=1.657e-05
2026-06-05 05:47:50 [INFO] kd-trainer: step=6640 tokens=6799360 loss=1.033267 lr=1.646e-05
2026-06-05 05:48:37 [INFO] kd-trainer: step=6650 tokens=6809600 loss=0.971717 lr=1.641e-05
2026-06-05 05:49:23 [INFO] kd-trainer: step=6660 tokens=6819840 loss=0.323607 lr=1.636e-05
2026-06-05 05:50:10 [INFO] kd-trainer: step=6670 tokens=6830080 loss=0.241304 lr=1.630e-05
2026-06-05 05:50:57 [INFO] kd-trainer: step=6680 tokens=6840320 loss=0.208715 lr=1.620e-05
2026-06-05 05:51:44 [INFO] kd-trainer: step=6690 tokens=6850560 loss=0.701586 lr=1.614e-05
2026-06-05 05:52:31 [INFO] kd-trainer: step=6700 tokens=6860800 loss=0.237221 lr=1.609e-05
2026-06-05 05:53:18 [INFO] kd-trainer: step=6710 tokens=6871040 loss=0.888981 lr=1.604e-05
2026-06-05 05:54:05 [INFO] kd-trainer: step=6720 tokens=6881280 loss=0.836127 lr=1.594e-05
2026-06-05 05:54:52 [INFO] kd-trainer: step=6730 tokens=6891520 loss=0.809057 lr=1.588e-05
2026-06-05 05:55:38 [INFO] kd-trainer: step=6740 tokens=6901760 loss=0.681797 lr=1.583e-05
2026-06-05 05:56:25 [INFO] kd-trainer: step=6750 tokens=6912000 loss=0.391383 lr=1.578e-05
2026-06-05 05:57:12 [INFO] kd-trainer: step=6760 tokens=6922240 loss=0.648454 lr=1.568e-05
2026-06-05 05:57:59 [INFO] kd-trainer: step=6770 tokens=6932480 loss=0.636365 lr=1.562e-05
2026-06-05 05:58:46 [INFO] kd-trainer: step=6780 tokens=6942720 loss=0.285833 lr=1.557e-05
2026-06-05 05:59:33 [INFO] kd-trainer: step=6790 tokens=6952960 loss=0.352269 lr=1.552e-05
2026-06-05 06:00:20 [INFO] kd-trainer: step=6800 tokens=6963200 loss=0.306242 lr=1.542e-05
2026-06-05 06:01:07 [INFO] kd-trainer: step=6810 tokens=6973440 loss=0.802792 lr=1.537e-05
2026-06-05 06:01:53 [INFO] kd-trainer: step=6820 tokens=6983680 loss=1.027653 lr=1.531e-05
2026-06-05 06:02:40 [INFO] kd-trainer: step=6830 tokens=6993920 loss=0.929092 lr=1.526e-05
2026-06-05 06:03:27 [INFO] kd-trainer: step=6840 tokens=7004160 loss=1.232880 lr=1.516e-05
2026-06-05 06:04:14 [INFO] kd-trainer: step=6850 tokens=7014400 loss=0.761280 lr=1.511e-05
2026-06-05 06:05:01 [INFO] kd-trainer: step=6860 tokens=7024640 loss=0.423421 lr=1.506e-05
2026-06-05 06:05:48 [INFO] kd-trainer: step=6870 tokens=7034880 loss=0.709404 lr=1.501e-05
2026-06-05 06:06:35 [INFO] kd-trainer: step=6880 tokens=7045120 loss=0.721038 lr=1.491e-05
2026-06-05 06:07:22 [INFO] kd-trainer: step=6890 tokens=7055360 loss=0.846715 lr=1.486e-05
2026-06-05 06:08:08 [INFO] kd-trainer: step=6900 tokens=7065600 loss=0.908543 lr=1.481e-05
2026-06-05 06:08:55 [INFO] kd-trainer: step=6910 tokens=7075840 loss=0.702635 lr=1.476e-05
2026-06-05 06:09:42 [INFO] kd-trainer: step=6920 tokens=7086080 loss=0.213908 lr=1.466e-05
2026-06-05 06:10:29 [INFO] kd-trainer: step=6930 tokens=7096320 loss=0.905168 lr=1.461e-05
2026-06-05 06:11:16 [INFO] kd-trainer: step=6940 tokens=7106560 loss=0.899528 lr=1.456e-05
2026-06-05 06:12:03 [INFO] kd-trainer: step=6950 tokens=7116800 loss=1.012562 lr=1.451e-05
2026-06-05 06:12:50 [INFO] kd-trainer: step=6960 tokens=7127040 loss=0.825184 lr=1.441e-05
2026-06-05 06:13:37 [INFO] kd-trainer: step=6970 tokens=7137280 loss=0.760695 lr=1.436e-05
2026-06-05 06:14:24 [INFO] kd-trainer: step=6980 tokens=7147520 loss=0.826926 lr=1.431e-05
2026-06-05 06:15:10 [INFO] kd-trainer: step=6990 tokens=7157760 loss=1.144334 lr=1.426e-05
2026-06-05 06:15:57 [INFO] kd-trainer: step=7000 tokens=7168000 loss=0.618118 lr=1.416e-05
2026-06-05 06:16:44 [INFO] kd-trainer: step=7010 tokens=7178240 loss=0.489854 lr=1.411e-05
2026-06-05 06:17:31 [INFO] kd-trainer: step=7020 tokens=7188480 loss=0.902926 lr=1.406e-05
2026-06-05 06:18:18 [INFO] kd-trainer: step=7030 tokens=7198720 loss=0.870360 lr=1.402e-05
2026-06-05 06:19:05 [INFO] kd-trainer: step=7040 tokens=7208960 loss=1.164681 lr=1.392e-05
2026-06-05 06:19:52 [INFO] kd-trainer: step=7050 tokens=7219200 loss=0.898635 lr=1.387e-05
2026-06-05 06:20:39 [INFO] kd-trainer: step=7060 tokens=7229440 loss=0.645103 lr=1.382e-05
2026-06-05 06:21:25 [INFO] kd-trainer: step=7070 tokens=7239680 loss=0.253330 lr=1.377e-05
2026-06-05 06:22:12 [INFO] kd-trainer: step=7080 tokens=7249920 loss=0.794712 lr=1.368e-05
2026-06-05 06:22:59 [INFO] kd-trainer: step=7090 tokens=7260160 loss=0.291590 lr=1.363e-05
2026-06-05 06:23:46 [INFO] kd-trainer: step=7100 tokens=7270400 loss=0.895999 lr=1.358e-05
2026-06-05 06:24:33 [INFO] kd-trainer: step=7110 tokens=7280640 loss=0.830938 lr=1.353e-05
2026-06-05 06:25:20 [INFO] kd-trainer: step=7120 tokens=7290880 loss=0.380661 lr=1.344e-05
2026-06-05 06:26:07 [INFO] kd-trainer: step=7130 tokens=7301120 loss=0.876565 lr=1.339e-05
2026-06-05 06:26:54 [INFO] kd-trainer: step=7140 tokens=7311360 loss=1.092890 lr=1.334e-05
2026-06-05 06:27:40 [INFO] kd-trainer: step=7150 tokens=7321600 loss=1.058873 lr=1.330e-05
2026-06-05 06:28:27 [INFO] kd-trainer: step=7160 tokens=7331840 loss=0.694970 lr=1.320e-05
2026-06-05 06:29:14 [INFO] kd-trainer: step=7170 tokens=7342080 loss=0.947248 lr=1.315e-05
2026-06-05 06:30:01 [INFO] kd-trainer: step=7180 tokens=7352320 loss=0.385287 lr=1.311e-05
2026-06-05 06:30:48 [INFO] kd-trainer: step=7190 tokens=7362560 loss=0.216094 lr=1.306e-05
2026-06-05 06:31:35 [INFO] kd-trainer: step=7200 tokens=7372800 loss=0.789050 lr=1.297e-05
2026-06-05 06:32:22 [INFO] kd-trainer: step=7210 tokens=7383040 loss=0.891508 lr=1.292e-05
2026-06-05 06:33:09 [INFO] kd-trainer: step=7220 tokens=7393280 loss=0.824000 lr=1.287e-05
2026-06-05 06:33:56 [INFO] kd-trainer: step=7230 tokens=7403520 loss=0.495645 lr=1.283e-05
2026-06-05 06:34:43 [INFO] kd-trainer: step=7240 tokens=7413760 loss=0.465040 lr=1.274e-05
2026-06-05 06:35:29 [INFO] kd-trainer: step=7250 tokens=7424000 loss=0.356085 lr=1.269e-05
2026-06-05 06:36:16 [INFO] kd-trainer: step=7260 tokens=7434240 loss=0.486776 lr=1.264e-05
2026-06-05 06:37:03 [INFO] kd-trainer: step=7270 tokens=7444480 loss=0.384383 lr=1.260e-05
2026-06-05 06:37:50 [INFO] kd-trainer: step=7280 tokens=7454720 loss=0.372103 lr=1.251e-05
2026-06-05 06:38:37 [INFO] kd-trainer: step=7290 tokens=7464960 loss=0.474958 lr=1.246e-05
2026-06-05 06:39:24 [INFO] kd-trainer: step=7300 tokens=7475200 loss=0.942636 lr=1.242e-05
2026-06-05 06:40:11 [INFO] kd-trainer: step=7310 tokens=7485440 loss=0.417377 lr=1.237e-05
2026-06-05 06:40:58 [INFO] kd-trainer: step=7320 tokens=7495680 loss=0.962263 lr=1.228e-05
2026-06-05 06:41:44 [INFO] kd-trainer: step=7330 tokens=7505920 loss=0.082699 lr=1.224e-05
2026-06-05 06:42:31 [INFO] kd-trainer: step=7340 tokens=7516160 loss=0.868098 lr=1.219e-05
2026-06-05 06:43:18 [INFO] kd-trainer: step=7350 tokens=7526400 loss=1.045930 lr=1.215e-05
2026-06-05 06:44:05 [INFO] kd-trainer: step=7360 tokens=7536640 loss=0.488552 lr=1.206e-05
2026-06-05 06:44:52 [INFO] kd-trainer: step=7370 tokens=7546880 loss=0.868107 lr=1.202e-05
2026-06-05 06:45:39 [INFO] kd-trainer: step=7380 tokens=7557120 loss=0.415658 lr=1.197e-05
2026-06-05 06:46:26 [INFO] kd-trainer: step=7390 tokens=7567360 loss=0.323153 lr=1.193e-05
2026-06-05 06:47:13 [INFO] kd-trainer: step=7400 tokens=7577600 loss=0.811824 lr=1.184e-05
2026-06-05 06:47:59 [INFO] kd-trainer: step=7410 tokens=7587840 loss=0.164073 lr=1.180e-05
2026-06-05 06:48:46 [INFO] kd-trainer: step=7420 tokens=7598080 loss=0.722830 lr=1.175e-05
2026-06-05 06:49:33 [INFO] kd-trainer: step=7430 tokens=7608320 loss=1.389275 lr=1.171e-05
2026-06-05 06:50:20 [INFO] kd-trainer: step=7440 tokens=7618560 loss=0.635303 lr=1.162e-05
2026-06-05 06:51:07 [INFO] kd-trainer: step=7450 tokens=7628800 loss=0.348419 lr=1.158e-05
2026-06-05 06:51:54 [INFO] kd-trainer: step=7460 tokens=7639040 loss=0.920061 lr=1.154e-05
2026-06-05 06:52:41 [INFO] kd-trainer: step=7470 tokens=7649280 loss=1.424380 lr=1.149e-05
2026-06-05 06:53:28 [INFO] kd-trainer: step=7480 tokens=7659520 loss=0.872443 lr=1.141e-05
2026-06-05 06:54:15 [INFO] kd-trainer: step=7490 tokens=7669760 loss=0.929183 lr=1.137e-05
2026-06-05 06:55:01 [INFO] kd-trainer: step=7500 tokens=7680000 loss=0.669241 lr=1.132e-05
2026-06-05 06:55:48 [INFO] kd-trainer: step=7510 tokens=7690240 loss=0.465594 lr=1.128e-05
2026-06-05 06:56:35 [INFO] kd-trainer: step=7520 tokens=7700480 loss=0.193371 lr=1.120e-05
2026-06-05 06:57:22 [INFO] kd-trainer: step=7530 tokens=7710720 loss=0.465297 lr=1.115e-05
2026-06-05 06:58:09 [INFO] kd-trainer: step=7540 tokens=7720960 loss=0.401966 lr=1.111e-05
2026-06-05 06:58:56 [INFO] kd-trainer: step=7550 tokens=7731200 loss=0.503167 lr=1.107e-05
2026-06-05 06:59:43 [INFO] kd-trainer: step=7560 tokens=7741440 loss=1.424679 lr=1.099e-05
2026-06-05 07:00:30 [INFO] kd-trainer: step=7570 tokens=7751680 loss=1.038351 lr=1.095e-05
2026-06-05 07:01:16 [INFO] kd-trainer: step=7580 tokens=7761920 loss=0.939845 lr=1.091e-05
2026-06-05 07:02:03 [INFO] kd-trainer: step=7590 tokens=7772160 loss=0.798576 lr=1.087e-05
2026-06-05 07:02:50 [INFO] kd-trainer: step=7600 tokens=7782400 loss=0.437642 lr=1.078e-05
2026-06-05 07:03:37 [INFO] kd-trainer: step=7610 tokens=7792640 loss=0.807946 lr=1.074e-05
2026-06-05 07:04:24 [INFO] kd-trainer: step=7620 tokens=7802880 loss=0.994482 lr=1.070e-05
2026-06-05 07:05:11 [INFO] kd-trainer: step=7630 tokens=7813120 loss=0.756233 lr=1.066e-05
2026-06-05 07:05:58 [INFO] kd-trainer: step=7640 tokens=7823360 loss=0.091832 lr=1.058e-05
2026-06-05 07:06:45 [INFO] kd-trainer: step=7650 tokens=7833600 loss=1.117605 lr=1.054e-05
2026-06-05 07:07:32 [INFO] kd-trainer: step=7660 tokens=7843840 loss=1.075072 lr=1.050e-05
2026-06-05 07:08:19 [INFO] kd-trainer: step=7670 tokens=7854080 loss=0.818707 lr=1.046e-05
2026-06-05 07:09:06 [INFO] kd-trainer: step=7680 tokens=7864320 loss=1.069422 lr=1.038e-05
2026-06-05 07:09:52 [INFO] kd-trainer: step=7690 tokens=7874560 loss=0.863345 lr=1.034e-05
2026-06-05 07:10:39 [INFO] kd-trainer: step=7700 tokens=7884800 loss=0.651138 lr=1.030e-05
2026-06-05 07:11:26 [INFO] kd-trainer: step=7710 tokens=7895040 loss=0.651062 lr=1.026e-05
2026-06-05 07:12:13 [INFO] kd-trainer: step=7720 tokens=7905280 loss=0.223920 lr=1.019e-05
2026-06-05 07:13:00 [INFO] kd-trainer: step=7730 tokens=7915520 loss=0.971630 lr=1.015e-05
2026-06-05 07:13:47 [INFO] kd-trainer: step=7740 tokens=7925760 loss=2.751366 lr=1.011e-05
2026-06-05 07:14:34 [INFO] kd-trainer: step=7750 tokens=7936000 loss=0.369120 lr=1.007e-05
2026-06-05 07:15:21 [INFO] kd-trainer: step=7760 tokens=7946240 loss=0.907800 lr=9.993e-06
2026-06-05 07:16:08 [INFO] kd-trainer: step=7770 tokens=7956480 loss=0.929692 lr=9.955e-06
2026-06-05 07:16:55 [INFO] kd-trainer: step=7780 tokens=7966720 loss=0.498905 lr=9.917e-06
2026-06-05 07:17:42 [INFO] kd-trainer: step=7790 tokens=7976960 loss=0.747438 lr=9.879e-06
2026-06-05 07:18:29 [INFO] kd-trainer: step=7800 tokens=7987200 loss=0.551970 lr=9.804e-06
2026-06-05 07:19:16 [INFO] kd-trainer: step=7810 tokens=7997440 loss=0.464028 lr=9.766e-06
2026-06-05 07:20:03 [INFO] kd-trainer: step=7820 tokens=8007680 loss=0.438329 lr=9.729e-06
2026-06-05 07:20:50 [INFO] kd-trainer: step=7830 tokens=8017920 loss=0.231716 lr=9.691e-06
2026-06-05 07:21:37 [INFO] kd-trainer: step=7840 tokens=8028160 loss=0.387213 lr=9.617e-06
2026-06-05 07:22:23 [INFO] kd-trainer: step=7850 tokens=8038400 loss=0.108779 lr=9.580e-06
2026-06-05 07:23:10 [INFO] kd-trainer: step=7860 tokens=8048640 loss=0.391984 lr=9.544e-06
2026-06-05 07:23:57 [INFO] kd-trainer: step=7870 tokens=8058880 loss=0.185300 lr=9.507e-06
2026-06-05 07:24:44 [INFO] kd-trainer: step=7880 tokens=8069120 loss=0.292642 lr=9.434e-06
2026-06-05 07:25:31 [INFO] kd-trainer: step=7890 tokens=8079360 loss=0.434369 lr=9.398e-06
2026-06-05 07:26:18 [INFO] kd-trainer: step=7900 tokens=8089600 loss=0.248619 lr=9.362e-06
2026-06-05 07:27:04 [INFO] kd-trainer: step=7910 tokens=8099840 loss=0.434198 lr=9.326e-06
2026-06-05 07:27:51 [INFO] kd-trainer: step=7920 tokens=8110080 loss=0.305794 lr=9.254e-06
2026-06-05 07:28:38 [INFO] kd-trainer: step=7930 tokens=8120320 loss=0.361852 lr=9.219e-06
2026-06-05 07:29:25 [INFO] kd-trainer: step=7940 tokens=8130560 loss=0.370984 lr=9.183e-06
2026-06-05 07:30:12 [INFO] kd-trainer: step=7950 tokens=8140800 loss=0.381632 lr=9.148e-06
2026-06-05 07:30:59 [INFO] kd-trainer: step=7960 tokens=8151040 loss=0.343820 lr=9.078e-06
2026-06-05 07:31:46 [INFO] kd-trainer: step=7970 tokens=8161280 loss=0.785341 lr=9.043e-06
2026-06-05 07:32:33 [INFO] kd-trainer: step=7980 tokens=8171520 loss=0.387652 lr=9.008e-06
2026-06-05 07:33:19 [INFO] kd-trainer: step=7990 tokens=8181760 loss=0.307448 lr=8.974e-06
2026-06-05 07:34:06 [INFO] kd-trainer: step=8000 tokens=8192000 loss=0.809972 lr=8.905e-06
2026-06-05 07:34:53 [INFO] kd-trainer: step=8010 tokens=8202240 loss=0.864564 lr=8.871e-06
2026-06-05 07:35:40 [INFO] kd-trainer: step=8020 tokens=8212480 loss=1.053996 lr=8.836e-06
2026-06-05 07:36:27 [INFO] kd-trainer: step=8030 tokens=8222720 loss=0.358507 lr=8.803e-06
2026-06-05 07:37:14 [INFO] kd-trainer: step=8040 tokens=8232960 loss=0.932547 lr=8.735e-06
2026-06-05 07:38:01 [INFO] kd-trainer: step=8050 tokens=8243200 loss=0.831420 lr=8.702e-06
2026-06-05 07:38:48 [INFO] kd-trainer: step=8060 tokens=8253440 loss=0.820524 lr=8.668e-06
2026-06-05 07:39:35 [INFO] kd-trainer: step=8070 tokens=8263680 loss=0.162561 lr=8.635e-06
2026-06-05 07:40:21 [INFO] kd-trainer: step=8080 tokens=8273920 loss=0.172666 lr=8.569e-06
2026-06-05 07:41:08 [INFO] kd-trainer: step=8090 tokens=8284160 loss=0.756734 lr=8.536e-06
2026-06-05 07:41:55 [INFO] kd-trainer: step=8100 tokens=8294400 loss=0.969976 lr=8.503e-06
2026-06-05 07:42:42 [INFO] kd-trainer: step=8110 tokens=8304640 loss=0.265997 lr=8.471e-06
2026-06-05 07:43:29 [INFO] kd-trainer: step=8120 tokens=8314880 loss=0.280803 lr=8.406e-06
2026-06-05 07:44:16 [INFO] kd-trainer: step=8130 tokens=8325120 loss=0.923032 lr=8.374e-06
2026-06-05 07:45:03 [INFO] kd-trainer: step=8140 tokens=8335360 loss=0.536551 lr=8.342e-06
2026-06-05 07:45:50 [INFO] kd-trainer: step=8150 tokens=8345600 loss=0.921896 lr=8.310e-06
2026-06-05 07:46:37 [INFO] kd-trainer: step=8160 tokens=8355840 loss=0.799908 lr=8.247e-06
2026-06-05 07:47:24 [INFO] kd-trainer: step=8170 tokens=8366080 loss=0.998689 lr=8.215e-06
2026-06-05 07:48:10 [INFO] kd-trainer: step=8180 tokens=8376320 loss=0.844810 lr=8.184e-06
2026-06-05 07:48:57 [INFO] kd-trainer: step=8190 tokens=8386560 loss=0.814898 lr=8.153e-06
2026-06-05 07:49:44 [INFO] kd-trainer: step=8200 tokens=8396800 loss=0.893398 lr=8.091e-06
2026-06-05 07:50:31 [INFO] kd-trainer: step=8210 tokens=8407040 loss=1.144635 lr=8.060e-06
2026-06-05 07:51:18 [INFO] kd-trainer: step=8220 tokens=8417280 loss=0.706627 lr=8.030e-06
2026-06-05 07:52:05 [INFO] kd-trainer: step=8230 tokens=8427520 loss=0.271182 lr=7.999e-06
2026-06-05 07:52:52 [INFO] kd-trainer: step=8240 tokens=8437760 loss=0.860497 lr=7.939e-06
2026-06-05 07:53:39 [INFO] kd-trainer: step=8250 tokens=8448000 loss=0.898634 lr=7.909e-06
2026-06-05 07:54:25 [INFO] kd-trainer: step=8260 tokens=8458240 loss=0.259020 lr=7.879e-06
2026-06-05 07:55:12 [INFO] kd-trainer: step=8270 tokens=8468480 loss=0.904094 lr=7.849e-06
2026-06-05 07:55:59 [INFO] kd-trainer: step=8280 tokens=8478720 loss=0.919806 lr=7.790e-06
2026-06-05 07:56:46 [INFO] kd-trainer: step=8290 tokens=8488960 loss=0.191894 lr=7.761e-06
2026-06-05 07:57:33 [INFO] kd-trainer: step=8300 tokens=8499200 loss=0.856489 lr=7.732e-06
2026-06-05 07:58:20 [INFO] kd-trainer: step=8310 tokens=8509440 loss=1.247115 lr=7.703e-06
2026-06-05 07:59:07 [INFO] kd-trainer: step=8320 tokens=8519680 loss=1.048048 lr=7.645e-06
2026-06-05 07:59:54 [INFO] kd-trainer: step=8330 tokens=8529920 loss=0.606598 lr=7.617e-06
2026-06-05 08:00:41 [INFO] kd-trainer: step=8340 tokens=8540160 loss=1.068340 lr=7.588e-06
2026-06-05 08:01:27 [INFO] kd-trainer: step=8350 tokens=8550400 loss=0.886782 lr=7.560e-06
2026-06-05 08:02:14 [INFO] kd-trainer: step=8360 tokens=8560640 loss=0.854514 lr=7.504e-06
2026-06-05 08:03:01 [INFO] kd-trainer: step=8370 tokens=8570880 loss=0.932332 lr=7.476e-06
2026-06-05 08:03:48 [INFO] kd-trainer: step=8380 tokens=8581120 loss=0.631944 lr=7.448e-06
2026-06-05 08:04:35 [INFO] kd-trainer: step=8390 tokens=8591360 loss=0.799363 lr=7.421e-06
2026-06-05 08:05:22 [INFO] kd-trainer: step=8400 tokens=8601600 loss=0.595659 lr=7.366e-06
2026-06-05 08:06:09 [INFO] kd-trainer: step=8410 tokens=8611840 loss=0.307021 lr=7.339e-06
2026-06-05 08:06:56 [INFO] kd-trainer: step=8420 tokens=8622080 loss=0.288043 lr=7.312e-06
2026-06-05 08:07:42 [INFO] kd-trainer: step=8430 tokens=8632320 loss=1.298422 lr=7.285e-06
2026-06-05 08:08:29 [INFO] kd-trainer: step=8440 tokens=8642560 loss=0.883457 lr=7.232e-06
2026-06-05 08:09:16 [INFO] kd-trainer: step=8450 tokens=8652800 loss=0.086532 lr=7.206e-06
2026-06-05 08:10:03 [INFO] kd-trainer: step=8460 tokens=8663040 loss=1.138385 lr=7.179e-06
2026-06-05 08:10:50 [INFO] kd-trainer: step=8470 tokens=8673280 loss=0.604190 lr=7.153e-06
2026-06-05 08:11:37 [INFO] kd-trainer: step=8480 tokens=8683520 loss=0.680990 lr=7.102e-06
2026-06-05 08:12:24 [INFO] kd-trainer: step=8490 tokens=8693760 loss=1.245525 lr=7.076e-06
2026-06-05 08:13:11 [INFO] kd-trainer: step=8500 tokens=8704000 loss=0.409562 lr=7.051e-06
2026-06-05 08:13:58 [INFO] kd-trainer: step=8510 tokens=8714240 loss=0.450488 lr=7.025e-06
2026-06-05 08:14:45 [INFO] kd-trainer: step=8520 tokens=8724480 loss=0.403475 lr=6.975e-06
2026-06-05 08:15:31 [INFO] kd-trainer: step=8530 tokens=8734720 loss=0.482178 lr=6.950e-06
2026-06-05 08:16:18 [INFO] kd-trainer: step=8540 tokens=8744960 loss=0.403742 lr=6.925e-06
2026-06-05 08:17:05 [INFO] kd-trainer: step=8550 tokens=8755200 loss=0.507563 lr=6.901e-06
2026-06-05 08:17:52 [INFO] kd-trainer: step=8560 tokens=8765440 loss=0.404413 lr=6.852e-06
2026-06-05 08:18:39 [INFO] kd-trainer: step=8570 tokens=8775680 loss=0.458268 lr=6.828e-06
2026-06-05 08:19:26 [INFO] kd-trainer: step=8580 tokens=8785920 loss=0.411364 lr=6.804e-06
2026-06-05 08:20:13 [INFO] kd-trainer: step=8590 tokens=8796160 loss=0.439384 lr=6.780e-06
2026-06-05 08:20:59 [INFO] kd-trainer: step=8600 tokens=8806400 loss=0.402874 lr=6.733e-06
2026-06-05 08:21:46 [INFO] kd-trainer: step=8610 tokens=8816640 loss=0.465340 lr=6.710e-06
2026-06-05 08:22:33 [INFO] kd-trainer: step=8620 tokens=8826880 loss=1.031951 lr=6.687e-06
2026-06-05 08:23:20 [INFO] kd-trainer: step=8630 tokens=8837120 loss=0.504886 lr=6.664e-06
2026-06-05 08:24:07 [INFO] kd-trainer: step=8640 tokens=8847360 loss=0.925265 lr=6.618e-06
2026-06-05 08:24:54 [INFO] kd-trainer: step=8650 tokens=8857600 loss=0.189817 lr=6.595e-06
2026-06-05 08:25:41 [INFO] kd-trainer: step=8660 tokens=8867840 loss=0.198704 lr=6.573e-06
2026-06-05 08:26:28 [INFO] kd-trainer: step=8670 tokens=8878080 loss=0.286507 lr=6.551e-06
2026-06-05 08:27:14 [INFO] kd-trainer: step=8680 tokens=8888320 loss=1.026057 lr=6.506e-06
2026-06-05 08:28:01 [INFO] kd-trainer: step=8690 tokens=8898560 loss=1.051294 lr=6.485e-06
2026-06-05 08:28:48 [INFO] kd-trainer: step=8700 tokens=8908800 loss=0.996156 lr=6.463e-06
2026-06-05 08:29:35 [INFO] kd-trainer: step=8710 tokens=8919040 loss=0.608651 lr=6.441e-06
2026-06-05 08:30:22 [INFO] kd-trainer: step=8720 tokens=8929280 loss=1.476031 lr=6.399e-06
2026-06-05 08:31:09 [INFO] kd-trainer: step=8730 tokens=8939520 loss=0.421010 lr=6.378e-06
2026-06-05 08:31:56 [INFO] kd-trainer: step=8740 tokens=8949760 loss=0.432035 lr=6.357e-06
2026-06-05 08:32:43 [INFO] kd-trainer: step=8750 tokens=8960000 loss=0.363991 lr=6.336e-06
2026-06-05 08:33:29 [INFO] kd-trainer: step=8760 tokens=8970240 loss=0.356523 lr=6.295e-06
2026-06-05 08:34:16 [INFO] kd-trainer: step=8770 tokens=8980480 loss=1.083055 lr=6.275e-06
2026-06-05 08:35:03 [INFO] kd-trainer: step=8780 tokens=8990720 loss=0.586282 lr=6.255e-06
2026-06-05 08:35:50 [INFO] kd-trainer: step=8790 tokens=9000960 loss=0.987876 lr=6.235e-06
2026-06-05 08:36:37 [INFO] kd-trainer: step=8800 tokens=9011200 loss=0.941357 lr=6.195e-06
2026-06-05 08:37:24 [INFO] kd-trainer: step=8810 tokens=9021440 loss=0.944657 lr=6.176e-06
2026-06-05 08:38:11 [INFO] kd-trainer: step=8820 tokens=9031680 loss=1.039406 lr=6.156e-06
2026-06-05 08:38:58 [INFO] kd-trainer: step=8830 tokens=9041920 loss=0.268403 lr=6.137e-06
2026-06-05 08:39:45 [INFO] kd-trainer: step=8840 tokens=9052160 loss=0.297833 lr=6.099e-06
2026-06-05 08:40:31 [INFO] kd-trainer: step=8850 tokens=9062400 loss=0.809121 lr=6.081e-06
2026-06-05 08:41:18 [INFO] kd-trainer: step=8860 tokens=9072640 loss=0.509622 lr=6.062e-06
2026-06-05 08:42:05 [INFO] kd-trainer: step=8870 tokens=9082880 loss=0.900016 lr=6.044e-06
2026-06-05 08:42:52 [INFO] kd-trainer: step=8880 tokens=9093120 loss=0.121281 lr=6.007e-06
2026-06-05 08:43:39 [INFO] kd-trainer: step=8890 tokens=9103360 loss=0.457413 lr=5.989e-06
2026-06-05 08:44:26 [INFO] kd-trainer: step=8900 tokens=9113600 loss=0.581529 lr=5.972e-06
2026-06-05 08:45:13 [INFO] kd-trainer: step=8910 tokens=9123840 loss=0.892172 lr=5.954e-06
2026-06-05 08:46:00 [INFO] kd-trainer: step=8920 tokens=9134080 loss=0.817994 lr=5.919e-06
2026-06-05 08:46:47 [INFO] kd-trainer: step=8930 tokens=9144320 loss=1.474953 lr=5.902e-06
2026-06-05 08:47:33 [INFO] kd-trainer: step=8940 tokens=9154560 loss=0.964471 lr=5.885e-06
2026-06-05 08:48:20 [INFO] kd-trainer: step=8950 tokens=9164800 loss=0.600003 lr=5.868e-06
2026-06-05 08:49:07 [INFO] kd-trainer: step=8960 tokens=9175040 loss=1.015954 lr=5.835e-06
2026-06-05 08:49:54 [INFO] kd-trainer: step=8970 tokens=9185280 loss=0.920413 lr=5.819e-06
2026-06-05 08:50:41 [INFO] kd-trainer: step=8980 tokens=9195520 loss=0.301819 lr=5.803e-06
2026-06-05 08:51:28 [INFO] kd-trainer: step=8990 tokens=9205760 loss=0.915987 lr=5.786e-06
2026-06-05 08:52:15 [INFO] kd-trainer: step=9000 tokens=9216000 loss=0.280979 lr=5.755e-06
2026-06-05 08:53:02 [INFO] kd-trainer: step=9010 tokens=9226240 loss=0.878485 lr=5.739e-06
2026-06-05 08:53:48 [INFO] kd-trainer: step=9020 tokens=9236480 loss=0.955009 lr=5.724e-06
2026-06-05 08:54:35 [INFO] kd-trainer: step=9030 tokens=9246720 loss=0.073990 lr=5.709e-06
2026-06-05 08:55:22 [INFO] kd-trainer: step=9040 tokens=9256960 loss=0.066026 lr=5.679e-06
2026-06-05 08:56:09 [INFO] kd-trainer: step=9050 tokens=9267200 loss=1.028305 lr=5.664e-06
2026-06-05 08:56:56 [INFO] kd-trainer: step=9060 tokens=9277440 loss=0.492401 lr=5.649e-06
2026-06-05 08:57:43 [INFO] kd-trainer: step=9070 tokens=9287680 loss=0.375751 lr=5.635e-06
2026-06-05 08:58:30 [INFO] kd-trainer: step=9080 tokens=9297920 loss=0.323032 lr=5.606e-06
2026-06-05 08:59:17 [INFO] kd-trainer: step=9090 tokens=9308160 loss=0.729954 lr=5.593e-06
2026-06-05 09:00:04 [INFO] kd-trainer: step=9100 tokens=9318400 loss=0.895958 lr=5.579e-06
2026-06-05 09:00:50 [INFO] kd-trainer: step=9110 tokens=9328640 loss=0.976508 lr=5.565e-06
2026-06-05 09:01:37 [INFO] kd-trainer: step=9120 tokens=9338880 loss=0.063653 lr=5.538e-06
2026-06-05 09:02:24 [INFO] kd-trainer: step=9130 tokens=9349120 loss=1.009521 lr=5.525e-06
2026-06-05 09:03:11 [INFO] kd-trainer: step=9140 tokens=9359360 loss=0.417852 lr=5.512e-06
2026-06-05 09:03:58 [INFO] kd-trainer: step=9150 tokens=9369600 loss=0.355934 lr=5.499e-06
2026-06-05 09:04:45 [INFO] kd-trainer: step=9160 tokens=9379840 loss=0.934112 lr=5.474e-06
2026-06-05 09:05:32 [INFO] kd-trainer: step=9170 tokens=9390080 loss=1.090120 lr=5.462e-06
2026-06-05 09:06:19 [INFO] kd-trainer: step=9180 tokens=9400320 loss=1.080876 lr=5.450e-06
2026-06-05 09:07:05 [INFO] kd-trainer: step=9190 tokens=9410560 loss=0.949691 lr=5.438e-06
2026-06-05 09:07:52 [INFO] kd-trainer: step=9200 tokens=9420800 loss=0.947016 lr=5.414e-06
2026-06-05 09:08:39 [INFO] kd-trainer: step=9210 tokens=9431040 loss=0.445517 lr=5.402e-06
2026-06-05 09:09:26 [INFO] kd-trainer: step=9220 tokens=9441280 loss=0.243577 lr=5.391e-06
2026-06-05 09:10:13 [INFO] kd-trainer: step=9230 tokens=9451520 loss=0.177347 lr=5.380e-06
2026-06-05 09:11:00 [INFO] kd-trainer: step=9240 tokens=9461760 loss=0.950119 lr=5.358e-06
2026-06-05 09:11:47 [INFO] kd-trainer: step=9250 tokens=9472000 loss=0.933781 lr=5.347e-06
2026-06-05 09:12:34 [INFO] kd-trainer: step=9260 tokens=9482240 loss=0.829988 lr=5.337e-06
2026-06-05 09:13:20 [INFO] kd-trainer: step=9270 tokens=9492480 loss=0.925700 lr=5.326e-06
2026-06-05 09:14:07 [INFO] kd-trainer: step=9280 tokens=9502720 loss=1.347272 lr=5.306e-06
2026-06-05 09:14:54 [INFO] kd-trainer: step=9290 tokens=9512960 loss=0.509795 lr=5.296e-06
2026-06-05 09:15:41 [INFO] kd-trainer: step=9300 tokens=9523200 loss=0.632516 lr=5.286e-06
2026-06-05 09:16:28 [INFO] kd-trainer: step=9310 tokens=9533440 loss=0.895750 lr=5.277e-06
2026-06-05 09:17:15 [INFO] kd-trainer: step=9320 tokens=9543680 loss=0.331162 lr=5.258e-06
2026-06-05 09:18:02 [INFO] kd-trainer: step=9330 tokens=9553920 loss=0.905606 lr=5.249e-06
2026-06-05 09:18:49 [INFO] kd-trainer: step=9340 tokens=9564160 loss=0.836856 lr=5.240e-06
2026-06-05 09:19:36 [INFO] kd-trainer: step=9350 tokens=9574400 loss=0.616107 lr=5.231e-06
2026-06-05 09:20:22 [INFO] kd-trainer: step=9360 tokens=9584640 loss=0.655319 lr=5.214e-06
2026-06-05 09:21:09 [INFO] kd-trainer: step=9370 tokens=9594880 loss=0.873337 lr=5.206e-06
2026-06-05 09:21:56 [INFO] kd-trainer: step=9380 tokens=9605120 loss=0.728409 lr=5.197e-06
2026-06-05 09:22:43 [INFO] kd-trainer: step=9390 tokens=9615360 loss=0.892652 lr=5.190e-06
2026-06-05 09:23:30 [INFO] kd-trainer: step=9400 tokens=9625600 loss=1.021246 lr=5.174e-06
2026-06-05 09:24:17 [INFO] kd-trainer: step=9410 tokens=9635840 loss=0.666307 lr=5.167e-06
2026-06-05 09:25:04 [INFO] kd-trainer: step=9420 tokens=9646080 loss=0.068547 lr=5.159e-06
2026-06-05 09:25:51 [INFO] kd-trainer: step=9430 tokens=9656320 loss=1.095186 lr=5.152e-06
2026-06-05 09:26:38 [INFO] kd-trainer: step=9440 tokens=9666560 loss=1.429602 lr=5.138e-06
2026-06-05 09:27:24 [INFO] kd-trainer: step=9450 tokens=9676800 loss=0.855087 lr=5.132e-06
2026-06-05 09:28:11 [INFO] kd-trainer: step=9460 tokens=9687040 loss=0.285314 lr=5.125e-06
2026-06-05 09:28:58 [INFO] kd-trainer: step=9470 tokens=9697280 loss=0.849586 lr=5.119e-06
2026-06-05 09:29:45 [INFO] kd-trainer: step=9480 tokens=9707520 loss=0.869026 lr=5.107e-06
2026-06-05 09:30:32 [INFO] kd-trainer: step=9490 tokens=9717760 loss=0.117902 lr=5.101e-06
2026-06-05 09:31:19 [INFO] kd-trainer: step=9500 tokens=9728000 loss=1.336637 lr=5.095e-06
2026-06-05 09:32:06 [INFO] kd-trainer: step=9510 tokens=9738240 loss=0.417768 lr=5.090e-06
2026-06-05 09:32:53 [INFO] kd-trainer: step=9520 tokens=9748480 loss=0.456807 lr=5.079e-06
2026-06-05 09:33:40 [INFO] kd-trainer: step=9530 tokens=9758720 loss=0.343034 lr=5.074e-06
2026-06-05 09:34:26 [INFO] kd-trainer: step=9540 tokens=9768960 loss=0.419685 lr=5.069e-06
2026-06-05 09:35:13 [INFO] kd-trainer: step=9550 tokens=9779200 loss=0.272626 lr=5.065e-06
2026-06-05 09:36:00 [INFO] kd-trainer: step=9560 tokens=9789440 loss=0.081669 lr=5.056e-06
2026-06-05 09:36:47 [INFO] kd-trainer: step=9570 tokens=9799680 loss=0.664181 lr=5.051e-06
2026-06-05 09:37:34 [INFO] kd-trainer: step=9580 tokens=9809920 loss=1.008198 lr=5.047e-06
2026-06-05 09:38:21 [INFO] kd-trainer: step=9590 tokens=9820160 loss=0.449300 lr=5.044e-06
2026-06-05 09:39:08 [INFO] kd-trainer: step=9600 tokens=9830400 loss=1.497679 lr=5.036e-06
2026-06-05 09:39:55 [INFO] kd-trainer: step=9610 tokens=9840640 loss=1.034160 lr=5.033e-06
2026-06-05 09:40:41 [INFO] kd-trainer: step=9620 tokens=9850880 loss=0.833248 lr=5.030e-06
2026-06-05 09:41:28 [INFO] kd-trainer: step=9630 tokens=9861120 loss=0.093736 lr=5.027e-06
2026-06-05 09:42:15 [INFO] kd-trainer: step=9640 tokens=9871360 loss=0.698374 lr=5.021e-06
2026-06-05 09:43:02 [INFO] kd-trainer: step=9650 tokens=9881600 loss=0.373656 lr=5.019e-06
2026-06-05 09:43:49 [INFO] kd-trainer: step=9660 tokens=9891840 loss=1.233617 lr=5.016e-06
2026-06-05 09:44:36 [INFO] kd-trainer: step=9670 tokens=9902080 loss=1.038854 lr=5.014e-06
2026-06-05 09:45:23 [INFO] kd-trainer: step=9680 tokens=9912320 loss=0.585559 lr=5.010e-06
2026-06-05 09:46:10 [INFO] kd-trainer: step=9690 tokens=9922560 loss=1.598322 lr=5.008e-06
2026-06-05 09:46:56 [INFO] kd-trainer: step=9700 tokens=9932800 loss=0.713634 lr=5.007e-06
2026-06-05 09:47:43 [INFO] kd-trainer: step=9710 tokens=9943040 loss=1.302681 lr=5.005e-06
2026-06-05 09:48:30 [INFO] kd-trainer: step=9720 tokens=9953280 loss=1.036100 lr=5.003e-06
2026-06-05 09:49:17 [INFO] kd-trainer: step=9730 tokens=9963520 loss=0.922737 lr=5.002e-06
2026-06-05 09:50:04 [INFO] kd-trainer: step=9740 tokens=9973760 loss=0.683170 lr=5.001e-06
2026-06-05 09:50:51 [INFO] kd-trainer: step=9750 tokens=9984000 loss=0.221422 lr=5.001e-06
2026-06-05 09:51:38 [INFO] kd-trainer: step=9760 tokens=9994240 loss=0.989741 lr=5.000e-06
2026-06-05 09:52:16 [INFO] mini-final-kd: wrote outputs/eval/10_mini_kd.json
[Fri Jun  5 09:52:28 AM +03 2026] <<< Finished: python scripts/10_optional_mini_kd.py --target-tokens 10_000_000
[Fri Jun  5 09:52:28 AM +03 2026] Job finished successfully
