[Sun May 31 01:13:24 AM +03 2026] Job started on palamut1
[Sun May 31 01:13:25 AM +03 2026] >>> Running: python scripts/03_generate_candidates.py
2026-05-31 01:13:25 [INFO] candidates: parent analytical param count: 10.32B
2026-05-31 01:13:25 [INFO] candidates: emitted 20 candidates
2026-05-31 01:13:25 [INFO] candidates: wrote outputs/candidates/candidates.json
[Sun May 31 01:13:25 AM +03 2026] <<< Finished: python scripts/03_generate_candidates.py
[Sun May 31 01:13:25 AM +03 2026] >>> Running: python scripts/04_prune_candidates.py
2026-05-31 01:13:38 [INFO] prune: moving parent to CPU for memory-safe pruning ...
2026-05-31 01:13:41 [INFO] prune: pruning anchor-2 ...
2026-05-31 01:13:52 [INFO] prune: pruning cand-000 ...
2026-05-31 01:14:05 [INFO] prune: pruning cand-001 ...
2026-05-31 01:14:06 [WARNING] apply: saved FFN scores insufficient for target_ffn=11520; falling back to weight-based scoring
2026-05-31 01:14:18 [INFO] prune: pruning cand-002 ...
2026-05-31 01:14:19 [WARNING] apply: saved FFN scores insufficient for target_ffn=11520; falling back to weight-based scoring
2026-05-31 01:14:31 [INFO] prune: pruning cand-003 ...
2026-05-31 01:14:32 [WARNING] apply: saved FFN scores insufficient for target_ffn=12288; falling back to weight-based scoring
2026-05-31 01:14:45 [INFO] prune: pruning cand-004 ...
2026-05-31 01:14:58 [INFO] prune: pruning cand-005 ...
2026-05-31 01:15:10 [INFO] prune: pruning cand-006 ...
2026-05-31 01:15:24 [INFO] prune: pruning cand-007 ...
2026-05-31 01:15:25 [WARNING] apply: saved FFN scores insufficient for target_ffn=11520; falling back to weight-based scoring
2026-05-31 01:15:38 [INFO] prune: pruning cand-008 ...
2026-05-31 01:15:40 [WARNING] apply: saved FFN scores insufficient for target_ffn=11520; falling back to weight-based scoring
2026-05-31 01:15:51 [INFO] prune: pruning cand-009 ...
2026-05-31 01:16:02 [INFO] prune: pruning cand-010 ...
2026-05-31 01:16:03 [WARNING] apply: saved FFN scores insufficient for target_ffn=13824; falling back to weight-based scoring
2026-05-31 01:16:14 [INFO] prune: pruning cand-011 ...
2026-05-31 01:16:15 [WARNING] apply: saved FFN scores insufficient for target_ffn=13056; falling back to weight-based scoring
2026-05-31 01:16:26 [INFO] prune: pruning cand-012 ...
2026-05-31 01:16:28 [WARNING] apply: saved FFN scores insufficient for target_ffn=12288; falling back to weight-based scoring
2026-05-31 01:16:42 [INFO] prune: pruning cand-013 ...
2026-05-31 01:16:44 [WARNING] apply: saved FFN scores insufficient for target_ffn=12288; falling back to weight-based scoring
2026-05-31 01:16:57 [INFO] prune: pruning cand-014 ...
2026-05-31 01:16:59 [WARNING] apply: saved FFN scores insufficient for target_ffn=13056; falling back to weight-based scoring
2026-05-31 01:17:13 [INFO] prune: pruning cand-015 ...
2026-05-31 01:17:26 [INFO] prune: pruning cand-016 ...
2026-05-31 01:17:40 [INFO] prune: pruning cand-017 ...
2026-05-31 01:17:42 [WARNING] apply: saved FFN scores insufficient for target_ffn=12288; falling back to weight-based scoring
2026-05-31 01:17:56 [INFO] prune: pruning cand-018 ...
2026-05-31 01:18:07 [INFO] prune: wrote outputs/checkpoints/04_pruned_manifest.json
[Sun May 31 01:18:08 AM +03 2026] <<< Finished: python scripts/04_prune_candidates.py
[Sun May 31 01:18:08 AM +03 2026] >>> Running: python scripts/05_eval_candidates.py
