[Sun May 31 03:43:34 PM +03 2026] Job started on palamut1
[Sun May 31 03:43:35 PM +03 2026] >>> Running: python scripts/03_generate_candidates.py
2026-05-31 15:43:35 [INFO] candidates: parent analytical param count: 10.32B
2026-05-31 15:43:35 [INFO] candidates: emitted 20 candidates
2026-05-31 15:43:35 [INFO] candidates: wrote outputs/candidates/candidates.json
[Sun May 31 03:43:35 PM +03 2026] <<< Finished: python scripts/03_generate_candidates.py
[Sun May 31 03:43:35 PM +03 2026] >>> Running: python scripts/04_prune_candidates.py
2026-05-31 15:43:47 [INFO] prune: moving parent to CPU for memory-safe pruning ...
2026-05-31 15:43:50 [INFO] prune: pruning anchor-2 ...
2026-05-31 15:44:01 [INFO] prune: pruning cand-000 ...
2026-05-31 15:44:12 [INFO] prune: pruning cand-001 ...
2026-05-31 15:44:13 [WARNING] apply: saved FFN scores insufficient for target_ffn=11520; falling back to weight-based scoring
2026-05-31 15:44:25 [INFO] prune: pruning cand-002 ...
2026-05-31 15:44:26 [WARNING] apply: saved FFN scores insufficient for target_ffn=11520; falling back to weight-based scoring
2026-05-31 15:44:38 [INFO] prune: pruning cand-003 ...
2026-05-31 15:44:39 [WARNING] apply: saved FFN scores insufficient for target_ffn=12288; falling back to weight-based scoring
2026-05-31 15:44:50 [INFO] prune: pruning cand-004 ...
2026-05-31 15:45:02 [INFO] prune: pruning cand-005 ...
2026-05-31 15:45:15 [INFO] prune: pruning cand-006 ...
2026-05-31 15:45:30 [INFO] prune: pruning cand-007 ...
2026-05-31 15:45:33 [WARNING] apply: saved FFN scores insufficient for target_ffn=11520; falling back to weight-based scoring
2026-05-31 15:45:46 [INFO] prune: pruning cand-008 ...
2026-05-31 15:45:47 [WARNING] apply: saved FFN scores insufficient for target_ffn=11520; falling back to weight-based scoring
2026-05-31 15:45:59 [INFO] prune: pruning cand-009 ...
2026-05-31 15:46:11 [INFO] prune: pruning cand-010 ...
2026-05-31 15:46:12 [WARNING] apply: saved FFN scores insufficient for target_ffn=13824; falling back to weight-based scoring
2026-05-31 15:46:24 [INFO] prune: pruning cand-011 ...
2026-05-31 15:46:25 [WARNING] apply: saved FFN scores insufficient for target_ffn=13056; falling back to weight-based scoring
2026-05-31 15:46:37 [INFO] prune: pruning cand-012 ...
2026-05-31 15:46:39 [WARNING] apply: saved FFN scores insufficient for target_ffn=12288; falling back to weight-based scoring
2026-05-31 15:46:52 [INFO] prune: pruning cand-013 ...
2026-05-31 15:46:55 [WARNING] apply: saved FFN scores insufficient for target_ffn=12288; falling back to weight-based scoring
2026-05-31 15:47:08 [INFO] prune: pruning cand-014 ...
2026-05-31 15:47:11 [WARNING] apply: saved FFN scores insufficient for target_ffn=13056; falling back to weight-based scoring
2026-05-31 15:47:25 [INFO] prune: pruning cand-015 ...
2026-05-31 15:47:38 [INFO] prune: pruning cand-016 ...
2026-05-31 15:47:53 [INFO] prune: pruning cand-017 ...
2026-05-31 15:47:56 [WARNING] apply: saved FFN scores insufficient for target_ffn=12288; falling back to weight-based scoring
2026-05-31 15:48:09 [INFO] prune: pruning cand-018 ...
2026-05-31 15:48:21 [INFO] prune: wrote outputs/checkpoints/04_pruned_manifest.json
[Sun May 31 03:48:29 PM +03 2026] <<< Finished: python scripts/04_prune_candidates.py
[Sun May 31 03:48:29 PM +03 2026] >>> Running: python scripts/05_eval_candidates.py
