[Sun May 31 10:14:30 PM +03 2026] Job started on palamut1
[Sun May 31 10:14:30 PM +03 2026] >>> Running: python scripts/03_generate_candidates.py
2026-05-31 22:14:30 [INFO] candidates: parent analytical param count: 10.32B
2026-05-31 22:14:30 [INFO] candidates: emitted 20 candidates
2026-05-31 22:14:30 [INFO] candidates: wrote outputs/candidates/candidates.json
[Sun May 31 10:14:30 PM +03 2026] <<< Finished: python scripts/03_generate_candidates.py
[Sun May 31 10:14:30 PM +03 2026] >>> Running: python scripts/04_prune_candidates.py
2026-05-31 22:14:42 [INFO] prune: moving parent to CPU for memory-safe pruning ...
2026-05-31 22:14:45 [INFO] prune: pruning anchor-2 ...
2026-05-31 22:14:57 [INFO] prune: pruning cand-000 ...
2026-05-31 22:15:09 [INFO] prune: pruning cand-001 ...
2026-05-31 22:15:10 [WARNING] apply: saved FFN scores insufficient for target_ffn=11520; falling back to weight-based scoring
2026-05-31 22:15:23 [INFO] prune: pruning cand-002 ...
2026-05-31 22:15:24 [WARNING] apply: saved FFN scores insufficient for target_ffn=11520; falling back to weight-based scoring
2026-05-31 22:15:36 [INFO] prune: pruning cand-003 ...
2026-05-31 22:15:38 [WARNING] apply: saved FFN scores insufficient for target_ffn=12288; falling back to weight-based scoring
2026-05-31 22:15:50 [INFO] prune: pruning cand-004 ...
2026-05-31 22:16:02 [INFO] prune: pruning cand-005 ...
2026-05-31 22:16:17 [INFO] prune: pruning cand-006 ...
2026-05-31 22:16:34 [INFO] prune: pruning cand-007 ...
2026-05-31 22:16:37 [WARNING] apply: saved FFN scores insufficient for target_ffn=11520; falling back to weight-based scoring
2026-05-31 22:16:52 [INFO] prune: pruning cand-008 ...
2026-05-31 22:16:54 [WARNING] apply: saved FFN scores insufficient for target_ffn=11520; falling back to weight-based scoring
2026-05-31 22:17:07 [INFO] prune: pruning cand-009 ...
2026-05-31 22:17:19 [INFO] prune: pruning cand-010 ...
2026-05-31 22:17:21 [WARNING] apply: saved FFN scores insufficient for target_ffn=13824; falling back to weight-based scoring
2026-05-31 22:17:34 [INFO] prune: pruning cand-011 ...
2026-05-31 22:17:35 [WARNING] apply: saved FFN scores insufficient for target_ffn=13056; falling back to weight-based scoring
2026-05-31 22:17:48 [INFO] prune: pruning cand-012 ...
2026-05-31 22:17:50 [WARNING] apply: saved FFN scores insufficient for target_ffn=12288; falling back to weight-based scoring
2026-05-31 22:18:05 [INFO] prune: pruning cand-013 ...
2026-05-31 22:18:08 [WARNING] apply: saved FFN scores insufficient for target_ffn=12288; falling back to weight-based scoring
2026-05-31 22:18:25 [INFO] prune: pruning cand-014 ...
2026-05-31 22:18:28 [WARNING] apply: saved FFN scores insufficient for target_ffn=13056; falling back to weight-based scoring
2026-05-31 22:18:46 [INFO] prune: pruning cand-015 ...
2026-05-31 22:19:03 [INFO] prune: pruning cand-016 ...
2026-05-31 22:19:20 [INFO] prune: pruning cand-017 ...
2026-05-31 22:19:23 [WARNING] apply: saved FFN scores insufficient for target_ffn=12288; falling back to weight-based scoring
2026-05-31 22:19:42 [INFO] prune: pruning cand-018 ...
2026-05-31 22:19:55 [INFO] prune: wrote outputs/checkpoints/04_pruned_manifest.json
[Sun May 31 10:19:56 PM +03 2026] <<< Finished: python scripts/04_prune_candidates.py
[Sun May 31 10:19:56 PM +03 2026] >>> Running: python scripts/05_eval_candidates.py
2026-05-31 22:52:23 [INFO] eval-candidates: evaluated anchor-2 lm=7.59594 tps=5.29
2026-05-31 23:25:50 [INFO] eval-candidates: evaluated cand-000 lm=6.96757 tps=5.03
2026-05-31 23:58:39 [INFO] eval-candidates: evaluated cand-001 lm=8.73063 tps=5.16
2026-06-01 00:30:43 [INFO] eval-candidates: evaluated cand-002 lm=8.73063 tps=5.15
2026-06-01 01:00:57 [INFO] eval-candidates: evaluated cand-003 lm=8.50696 tps=9.41
2026-06-01 01:33:13 [INFO] eval-candidates: evaluated cand-004 lm=7.59594 tps=5.26
2026-06-01 02:04:02 [INFO] eval-candidates: evaluated cand-005 lm=7.59521 tps=5.36
2026-06-01 02:38:07 [INFO] eval-candidates: evaluated cand-006 lm=6.92230 tps=4.92
2026-06-01 03:11:03 [INFO] eval-candidates: evaluated cand-007 lm=8.73063 tps=5.15
2026-06-01 03:45:11 [INFO] eval-candidates: evaluated cand-008 lm=8.78267 tps=4.82
2026-06-01 04:19:17 [INFO] eval-candidates: evaluated cand-009 lm=6.92230 tps=4.93
2026-06-01 04:53:54 [INFO] eval-candidates: evaluated cand-010 lm=8.27999 tps=4.86
2026-06-01 05:28:02 [INFO] eval-candidates: evaluated cand-011 lm=8.41964 tps=4.94
2026-06-01 05:58:25 [INFO] eval-candidates: evaluated cand-012 lm=8.50696 tps=9.39
2026-06-01 06:28:48 [INFO] eval-candidates: evaluated cand-013 lm=8.50696 tps=9.39
2026-06-01 07:02:54 [INFO] eval-candidates: evaluated cand-014 lm=8.41964 tps=4.95
2026-06-01 07:34:24 [INFO] eval-candidates: evaluated cand-015 lm=7.59594 tps=5.25
2026-06-01 08:08:27 [INFO] eval-candidates: evaluated cand-016 lm=6.92230 tps=4.92
2026-06-01 08:38:53 [INFO] eval-candidates: evaluated cand-017 lm=8.50696 tps=9.38
2026-06-01 09:10:21 [INFO] eval-candidates: evaluated cand-018 lm=7.59594 tps=5.25
2026-06-01 09:10:22 [INFO] eval-candidates: wrote outputs/eval/05_candidates.json
[Mon Jun  1 09:10:29 AM +03 2026] <<< Finished: python scripts/05_eval_candidates.py
[Mon Jun  1 09:10:29 AM +03 2026] >>> Running: python scripts/06_select_top3.py
2026-06-01 09:10:32 [INFO] select: wrote outputs/eval/06_top3.json
[Mon Jun  1 09:10:32 AM +03 2026] <<< Finished: python scripts/06_select_top3.py
[Mon Jun  1 09:10:32 AM +03 2026] >>> Running: python scripts/07_kd_smoke.py
