/arf/home/skantar/anaconda3/envs/minitron/lib/python3.10/site-packages/mamba_ssm/ops/selective_scan_interface.py:164: FutureWarning: `torch.cuda.amp.custom_fwd(args...)` is deprecated. Please use `torch.amp.custom_fwd(args..., device_type='cuda')` instead.
  def forward(ctx, xz, conv1d_weight, conv1d_bias, x_proj_weight, delta_proj_weight,
/arf/home/skantar/anaconda3/envs/minitron/lib/python3.10/site-packages/mamba_ssm/ops/selective_scan_interface.py:240: FutureWarning: `torch.cuda.amp.custom_bwd(args...)` is deprecated. Please use `torch.amp.custom_bwd(args..., device_type='cuda')` instead.
  def backward(ctx, dout):
/arf/home/skantar/anaconda3/envs/minitron/lib/python3.10/site-packages/mamba_ssm/ops/triton/layer_norm.py:986: FutureWarning: `torch.cuda.amp.custom_fwd(args...)` is deprecated. Please use `torch.amp.custom_fwd(args..., device_type='cuda')` instead.
  def forward(
/arf/home/skantar/anaconda3/envs/minitron/lib/python3.10/site-packages/mamba_ssm/ops/triton/layer_norm.py:1045: FutureWarning: `torch.cuda.amp.custom_bwd(args...)` is deprecated. Please use `torch.amp.custom_bwd(args..., device_type='cuda')` instead.
  def backward(ctx, dout, *args):
/arf/home/skantar/anaconda3/envs/minitron/lib/python3.10/site-packages/mamba_ssm/distributed/tensor_parallel.py:26: FutureWarning: `torch.cuda.amp.custom_fwd(args...)` is deprecated. Please use `torch.amp.custom_fwd(args..., device_type='cuda')` instead.
  def forward(ctx, x, weight, bias, process_group=None, sequence_parallel=True):
/arf/home/skantar/anaconda3/envs/minitron/lib/python3.10/site-packages/mamba_ssm/distributed/tensor_parallel.py:62: FutureWarning: `torch.cuda.amp.custom_bwd(args...)` is deprecated. Please use `torch.amp.custom_bwd(args..., device_type='cuda')` instead.
  def backward(ctx, grad_output):
/arf/home/skantar/anaconda3/envs/minitron/lib/python3.10/site-packages/mamba_ssm/ops/triton/ssd_combined.py:758: FutureWarning: `torch.cuda.amp.custom_fwd(args...)` is deprecated. Please use `torch.amp.custom_fwd(args..., device_type='cuda')` instead.
  def forward(ctx, zxbcdt, conv1d_weight, conv1d_bias, dt_bias, A, D, chunk_size, initial_states=None, seq_idx=None, dt_limit=(0.0, float("inf")), return_final_states=False, activation="silu",
/arf/home/skantar/anaconda3/envs/minitron/lib/python3.10/site-packages/mamba_ssm/ops/triton/ssd_combined.py:836: FutureWarning: `torch.cuda.amp.custom_bwd(args...)` is deprecated. Please use `torch.amp.custom_bwd(args..., device_type='cuda')` instead.
  def backward(ctx, dout, *args):
Loading checkpoint shards:   0%|          | 0/4 [00:00<?, ?it/s]Loading checkpoint shards:  25%|██▌       | 1/4 [00:02<00:06,  2.08s/it]Loading checkpoint shards:  50%|█████     | 2/4 [00:04<00:04,  2.02s/it]Loading checkpoint shards:  75%|███████▌  | 3/4 [00:06<00:02,  2.01s/it]Loading checkpoint shards: 100%|██████████| 4/4 [00:06<00:00,  1.45s/it]Loading checkpoint shards: 100%|██████████| 4/4 [00:06<00:00,  1.66s/it]
/arf/scratch/skantar/MinitronSSM/scripts/04_prune_candidates.py:41: FutureWarning: You are using `torch.load` with `weights_only=False` (the current default value), which uses the default pickle module implicitly. It is possible to construct malicious pickle data which will execute arbitrary code during unpickling (See https://github.com/pytorch/pytorch/blob/main/SECURITY.md#untrusted-models for more details). In a future release, the default value for `weights_only` will be flipped to `True`. This limits the functions that could be executed during unpickling. Arbitrary objects will no longer be allowed to be loaded via this mode unless they are explicitly allowlisted by the user via `torch.serialization.add_safe_globals`. We recommend you start setting `weights_only=True` for any use case where you don't have full control of the loaded file. Please open an issue on GitHub for any issues related to this experimental feature.
  scores = torch.load(imp.output_path, map_location="cpu")
/arf/home/skantar/anaconda3/envs/minitron/lib/python3.10/site-packages/mamba_ssm/ops/selective_scan_interface.py:164: FutureWarning: `torch.cuda.amp.custom_fwd(args...)` is deprecated. Please use `torch.amp.custom_fwd(args..., device_type='cuda')` instead.
  def forward(ctx, xz, conv1d_weight, conv1d_bias, x_proj_weight, delta_proj_weight,
/arf/home/skantar/anaconda3/envs/minitron/lib/python3.10/site-packages/mamba_ssm/ops/selective_scan_interface.py:240: FutureWarning: `torch.cuda.amp.custom_bwd(args...)` is deprecated. Please use `torch.amp.custom_bwd(args..., device_type='cuda')` instead.
  def backward(ctx, dout):
/arf/home/skantar/anaconda3/envs/minitron/lib/python3.10/site-packages/mamba_ssm/ops/triton/layer_norm.py:986: FutureWarning: `torch.cuda.amp.custom_fwd(args...)` is deprecated. Please use `torch.amp.custom_fwd(args..., device_type='cuda')` instead.
  def forward(
/arf/home/skantar/anaconda3/envs/minitron/lib/python3.10/site-packages/mamba_ssm/ops/triton/layer_norm.py:1045: FutureWarning: `torch.cuda.amp.custom_bwd(args...)` is deprecated. Please use `torch.amp.custom_bwd(args..., device_type='cuda')` instead.
  def backward(ctx, dout, *args):
/arf/home/skantar/anaconda3/envs/minitron/lib/python3.10/site-packages/mamba_ssm/distributed/tensor_parallel.py:26: FutureWarning: `torch.cuda.amp.custom_fwd(args...)` is deprecated. Please use `torch.amp.custom_fwd(args..., device_type='cuda')` instead.
  def forward(ctx, x, weight, bias, process_group=None, sequence_parallel=True):
/arf/home/skantar/anaconda3/envs/minitron/lib/python3.10/site-packages/mamba_ssm/distributed/tensor_parallel.py:62: FutureWarning: `torch.cuda.amp.custom_bwd(args...)` is deprecated. Please use `torch.amp.custom_bwd(args..., device_type='cuda')` instead.
  def backward(ctx, grad_output):
/arf/home/skantar/anaconda3/envs/minitron/lib/python3.10/site-packages/mamba_ssm/ops/triton/ssd_combined.py:758: FutureWarning: `torch.cuda.amp.custom_fwd(args...)` is deprecated. Please use `torch.amp.custom_fwd(args..., device_type='cuda')` instead.
  def forward(ctx, zxbcdt, conv1d_weight, conv1d_bias, dt_bias, A, D, chunk_size, initial_states=None, seq_idx=None, dt_limit=(0.0, float("inf")), return_final_states=False, activation="silu",
/arf/home/skantar/anaconda3/envs/minitron/lib/python3.10/site-packages/mamba_ssm/ops/triton/ssd_combined.py:836: FutureWarning: `torch.cuda.amp.custom_bwd(args...)` is deprecated. Please use `torch.amp.custom_bwd(args..., device_type='cuda')` instead.
  def backward(ctx, dout, *args):
Loading checkpoint shards:   0%|          | 0/4 [00:00<?, ?it/s]Loading checkpoint shards:  25%|██▌       | 1/4 [00:29<01:28, 29.61s/it]Loading checkpoint shards:  50%|█████     | 2/4 [00:32<00:27, 13.97s/it]Loading checkpoint shards:  75%|███████▌  | 3/4 [00:37<00:09,  9.84s/it]Loading checkpoint shards: 100%|██████████| 4/4 [00:41<00:00,  7.48s/it]Loading checkpoint shards: 100%|██████████| 4/4 [00:41<00:00, 10.36s/it]
Traceback (most recent call last):
  File "/arf/scratch/skantar/MinitronSSM/scripts/05_eval_candidates.py", line 104, in <module>
    raise SystemExit(main())
  File "/arf/scratch/skantar/MinitronSSM/scripts/05_eval_candidates.py", line 51, in main
    model.load_state_dict(state_dict, strict=True)
  File "/arf/home/skantar/anaconda3/envs/minitron/lib/python3.10/site-packages/torch/nn/modules/module.py", line 2584, in load_state_dict
    raise RuntimeError(
RuntimeError: Error(s) in loading state_dict for NemotronHForCausalLM:
	size mismatch for backbone.layers.0.norm.weight: copying a param with shape torch.Size([4096]) from checkpoint, the shape in current model is torch.Size([3072]).
	size mismatch for backbone.layers.1.norm.weight: copying a param with shape torch.Size([4096]) from checkpoint, the shape in current model is torch.Size([3072]).
	size mismatch for backbone.layers.2.norm.weight: copying a param with shape torch.Size([4096]) from checkpoint, the shape in current model is torch.Size([3072]).
	size mismatch for backbone.layers.3.norm.weight: copying a param with shape torch.Size([4096]) from checkpoint, the shape in current model is torch.Size([3072]).
	size mismatch for backbone.layers.4.norm.weight: copying a param with shape torch.Size([4096]) from checkpoint, the shape in current model is torch.Size([3072]).
	size mismatch for backbone.layers.5.norm.weight: copying a param with shape torch.Size([4096]) from checkpoint, the shape in current model is torch.Size([3072]).
	size mismatch for backbone.layers.6.norm.weight: copying a param with shape torch.Size([4096]) from checkpoint, the shape in current model is torch.Size([3072]).
	size mismatch for backbone.layers.7.norm.weight: copying a param with shape torch.Size([4096]) from checkpoint, the shape in current model is torch.Size([3072]).
	size mismatch for backbone.layers.7.mixer.q_proj.weight: copying a param with shape torch.Size([3072, 3072]) from checkpoint, the shape in current model is torch.Size([4096, 3072]).
	size mismatch for backbone.layers.7.mixer.o_proj.weight: copying a param with shape torch.Size([3072, 3072]) from checkpoint, the shape in current model is torch.Size([3072, 4096]).
	size mismatch for backbone.layers.8.norm.weight: copying a param with shape torch.Size([4096]) from checkpoint, the shape in current model is torch.Size([3072]).
	size mismatch for backbone.layers.9.norm.weight: copying a param with shape torch.Size([4096]) from checkpoint, the shape in current model is torch.Size([3072]).
	size mismatch for backbone.layers.10.norm.weight: copying a param with shape torch.Size([4096]) from checkpoint, the shape in current model is torch.Size([3072]).
	size mismatch for backbone.layers.11.norm.weight: copying a param with shape torch.Size([4096]) from checkpoint, the shape in current model is torch.Size([3072]).
	size mismatch for backbone.layers.12.norm.weight: copying a param with shape torch.Size([4096]) from checkpoint, the shape in current model is torch.Size([3072]).
	size mismatch for backbone.layers.13.norm.weight: copying a param with shape torch.Size([4096]) from checkpoint, the shape in current model is torch.Size([3072]).
	size mismatch for backbone.layers.14.norm.weight: copying a param with shape torch.Size([4096]) from checkpoint, the shape in current model is torch.Size([3072]).
	size mismatch for backbone.layers.15.norm.weight: copying a param with shape torch.Size([4096]) from checkpoint, the shape in current model is torch.Size([3072]).
	size mismatch for backbone.layers.16.norm.weight: copying a param with shape torch.Size([4096]) from checkpoint, the shape in current model is torch.Size([3072]).
	size mismatch for backbone.layers.17.norm.weight: copying a param with shape torch.Size([4096]) from checkpoint, the shape in current model is torch.Size([3072]).
	size mismatch for backbone.layers.18.norm.weight: copying a param with shape torch.Size([4096]) from checkpoint, the shape in current model is torch.Size([3072]).
	size mismatch for backbone.layers.18.mixer.q_proj.weight: copying a param with shape torch.Size([3072, 3072]) from checkpoint, the shape in current model is torch.Size([4096, 3072]).
	size mismatch for backbone.layers.18.mixer.o_proj.weight: copying a param with shape torch.Size([3072, 3072]) from checkpoint, the shape in current model is torch.Size([3072, 4096]).
	size mismatch for backbone.layers.19.norm.weight: copying a param with shape torch.Size([4096]) from checkpoint, the shape in current model is torch.Size([3072]).
	size mismatch for backbone.layers.20.norm.weight: copying a param with shape torch.Size([4096]) from checkpoint, the shape in current model is torch.Size([3072]).
	size mismatch for backbone.layers.21.norm.weight: copying a param with shape torch.Size([4096]) from checkpoint, the shape in current model is torch.Size([3072]).
	size mismatch for backbone.layers.22.norm.weight: copying a param with shape torch.Size([4096]) from checkpoint, the shape in current model is torch.Size([3072]).
	size mismatch for backbone.layers.23.norm.weight: copying a param with shape torch.Size([4096]) from checkpoint, the shape in current model is torch.Size([3072]).
	size mismatch for backbone.layers.24.norm.weight: copying a param with shape torch.Size([4096]) from checkpoint, the shape in current model is torch.Size([3072]).
	size mismatch for backbone.layers.25.norm.weight: copying a param with shape torch.Size([4096]) from checkpoint, the shape in current model is torch.Size([3072]).
	size mismatch for backbone.layers.26.norm.weight: copying a param with shape torch.Size([4096]) from checkpoint, the shape in current model is torch.Size([3072]).
	size mismatch for backbone.layers.27.norm.weight: copying a param with shape torch.Size([4096]) from checkpoint, the shape in current model is torch.Size([3072]).
	size mismatch for backbone.layers.28.norm.weight: copying a param with shape torch.Size([4096]) from checkpoint, the shape in current model is torch.Size([3072]).
	size mismatch for backbone.layers.29.norm.weight: copying a param with shape torch.Size([4096]) from checkpoint, the shape in current model is torch.Size([3072]).
	size mismatch for backbone.layers.29.mixer.q_proj.weight: copying a param with shape torch.Size([3072, 3072]) from checkpoint, the shape in current model is torch.Size([4096, 3072]).
	size mismatch for backbone.layers.29.mixer.o_proj.weight: copying a param with shape torch.Size([3072, 3072]) from checkpoint, the shape in current model is torch.Size([3072, 4096]).
	size mismatch for backbone.layers.30.norm.weight: copying a param with shape torch.Size([4096]) from checkpoint, the shape in current model is torch.Size([3072]).
	size mismatch for backbone.layers.31.norm.weight: copying a param with shape torch.Size([4096]) from checkpoint, the shape in current model is torch.Size([3072]).
	size mismatch for backbone.layers.32.norm.weight: copying a param with shape torch.Size([4096]) from checkpoint, the shape in current model is torch.Size([3072]).
	size mismatch for backbone.layers.33.norm.weight: copying a param with shape torch.Size([4096]) from checkpoint, the shape in current model is torch.Size([3072]).
	size mismatch for backbone.layers.34.norm.weight: copying a param with shape torch.Size([4096]) from checkpoint, the shape in current model is torch.Size([3072]).
	size mismatch for backbone.layers.35.norm.weight: copying a param with shape torch.Size([4096]) from checkpoint, the shape in current model is torch.Size([3072]).
	size mismatch for backbone.layers.36.norm.weight: copying a param with shape torch.Size([4096]) from checkpoint, the shape in current model is torch.Size([3072]).
	size mismatch for backbone.layers.37.norm.weight: copying a param with shape torch.Size([4096]) from checkpoint, the shape in current model is torch.Size([3072]).
	size mismatch for backbone.layers.38.norm.weight: copying a param with shape torch.Size([4096]) from checkpoint, the shape in current model is torch.Size([3072]).
	size mismatch for backbone.layers.39.norm.weight: copying a param with shape torch.Size([4096]) from checkpoint, the shape in current model is torch.Size([3072]).
	size mismatch for backbone.layers.40.norm.weight: copying a param with shape torch.Size([4096]) from checkpoint, the shape in current model is torch.Size([3072]).
	size mismatch for backbone.layers.40.mixer.q_proj.weight: copying a param with shape torch.Size([3072, 3072]) from checkpoint, the shape in current model is torch.Size([4096, 3072]).
	size mismatch for backbone.layers.40.mixer.o_proj.weight: copying a param with shape torch.Size([3072, 3072]) from checkpoint, the shape in current model is torch.Size([3072, 4096]).
	size mismatch for backbone.layers.41.norm.weight: copying a param with shape torch.Size([4096]) from checkpoint, the shape in current model is torch.Size([3072]).
	size mismatch for backbone.layers.42.norm.weight: copying a param with shape torch.Size([4096]) from checkpoint, the shape in current model is torch.Size([3072]).
	size mismatch for backbone.layers.43.norm.weight: copying a param with shape torch.Size([4096]) from checkpoint, the shape in current model is torch.Size([3072]).
	size mismatch for backbone.layers.44.norm.weight: copying a param with shape torch.Size([4096]) from checkpoint, the shape in current model is torch.Size([3072]).
	size mismatch for backbone.layers.45.norm.weight: copying a param with shape torch.Size([4096]) from checkpoint, the shape in current model is torch.Size([3072]).
	size mismatch for backbone.layers.46.norm.weight: copying a param with shape torch.Size([4096]) from checkpoint, the shape in current model is torch.Size([3072]).
	size mismatch for backbone.layers.47.norm.weight: copying a param with shape torch.Size([4096]) from checkpoint, the shape in current model is torch.Size([3072]).
	size mismatch for backbone.layers.48.norm.weight: copying a param with shape torch.Size([4096]) from checkpoint, the shape in current model is torch.Size([3072]).
	size mismatch for backbone.layers.49.norm.weight: copying a param with shape torch.Size([4096]) from checkpoint, the shape in current model is torch.Size([3072]).
	size mismatch for backbone.layers.50.norm.weight: copying a param with shape torch.Size([4096]) from checkpoint, the shape in current model is torch.Size([3072]).
	size mismatch for backbone.layers.51.norm.weight: copying a param with shape torch.Size([4096]) from checkpoint, the shape in current model is torch.Size([3072]).
	size mismatch for backbone.norm_f.weight: copying a param with shape torch.Size([4096]) from checkpoint, the shape in current model is torch.Size([3072]).
