[Sun May 31 09:48:59 PM +03 2026] Job started on palamut1
[Sun May 31 09:49:21 PM +03 2026] >>> Running: python scripts/03_generate_candidates.py
2026-05-31 21:49:24 [INFO] candidates: parent analytical param count: 10.32B
2026-05-31 21:49:24 [INFO] candidates: emitted 20 candidates
2026-05-31 21:49:24 [INFO] candidates: wrote outputs/candidates/candidates.json
[Sun May 31 09:49:24 PM +03 2026] <<< Finished: python scripts/03_generate_candidates.py
[Sun May 31 09:49:24 PM +03 2026] >>> Running: python scripts/04_prune_candidates.py
2026-05-31 21:51:54 [INFO] prune: moving parent to CPU for memory-safe pruning ...
2026-05-31 21:51:57 [INFO] prune: pruning anchor-2 ...
2026-05-31 21:52:08 [INFO] prune: pruning cand-000 ...
2026-05-31 21:52:19 [INFO] prune: pruning cand-001 ...
2026-05-31 21:52:20 [WARNING] apply: saved FFN scores insufficient for target_ffn=11520; falling back to weight-based scoring
2026-05-31 21:52:31 [INFO] prune: pruning cand-002 ...
2026-05-31 21:52:32 [WARNING] apply: saved FFN scores insufficient for target_ffn=11520; falling back to weight-based scoring
2026-05-31 21:52:44 [INFO] prune: pruning cand-003 ...
2026-05-31 21:52:45 [WARNING] apply: saved FFN scores insufficient for target_ffn=12288; falling back to weight-based scoring
2026-05-31 21:52:58 [INFO] prune: pruning cand-004 ...
2026-05-31 21:53:11 [INFO] prune: pruning cand-005 ...
2026-05-31 21:53:25 [INFO] prune: pruning cand-006 ...
2026-05-31 21:53:40 [INFO] prune: pruning cand-007 ...
2026-05-31 21:53:42 [WARNING] apply: saved FFN scores insufficient for target_ffn=11520; falling back to weight-based scoring
2026-05-31 21:53:56 [INFO] prune: pruning cand-008 ...
2026-05-31 21:53:57 [WARNING] apply: saved FFN scores insufficient for target_ffn=11520; falling back to weight-based scoring
2026-05-31 21:54:09 [INFO] prune: pruning cand-009 ...
2026-05-31 21:54:21 [INFO] prune: pruning cand-010 ...
2026-05-31 21:54:22 [WARNING] apply: saved FFN scores insufficient for target_ffn=13824; falling back to weight-based scoring
2026-05-31 21:54:34 [INFO] prune: pruning cand-011 ...
2026-05-31 21:54:35 [WARNING] apply: saved FFN scores insufficient for target_ffn=13056; falling back to weight-based scoring
2026-05-31 21:54:47 [INFO] prune: pruning cand-012 ...
2026-05-31 21:54:49 [WARNING] apply: saved FFN scores insufficient for target_ffn=12288; falling back to weight-based scoring
2026-05-31 21:55:03 [INFO] prune: pruning cand-013 ...
2026-05-31 21:55:05 [WARNING] apply: saved FFN scores insufficient for target_ffn=12288; falling back to weight-based scoring
2026-05-31 21:55:19 [INFO] prune: pruning cand-014 ...
2026-05-31 21:55:21 [WARNING] apply: saved FFN scores insufficient for target_ffn=13056; falling back to weight-based scoring
2026-05-31 21:55:35 [INFO] prune: pruning cand-015 ...
2026-05-31 21:55:49 [INFO] prune: pruning cand-016 ...
2026-05-31 21:56:03 [INFO] prune: pruning cand-017 ...
2026-05-31 21:56:05 [WARNING] apply: saved FFN scores insufficient for target_ffn=12288; falling back to weight-based scoring
2026-05-31 21:56:19 [INFO] prune: pruning cand-018 ...
2026-05-31 21:56:30 [INFO] prune: wrote outputs/checkpoints/04_pruned_manifest.json
[Sun May 31 09:56:42 PM +03 2026] <<< Finished: python scripts/04_prune_candidates.py
[Sun May 31 09:56:42 PM +03 2026] >>> Running: python scripts/05_eval_candidates.py
